[ 2017-03-06T10:01:29+08:00 ] 127.0.0.1 /
INFO: [ app_init ] --START--
INFO: Run Behavior\BuildLiteBehavior [ RunTime:0.000000s ]
INFO: [ app_init ] --END-- [ RunTime:0.001000s ]
INFO: [ app_begin ] --START--
INFO: Run Behavior\ReadHtmlCacheBehavior [ RunTime:0.002000s ]
INFO: [ app_begin ] --END-- [ RunTime:0.002000s ]
NOTIC: [8] Undefined offset: 0 D:\WWW\LinkRenhe\FrameWork\Library\Think\Db\Driver.class.php 第 113 行.
NOTIC: [8] Undefined offset: 0 D:\WWW\LinkRenhe\FrameWork\Library\Think\Db\Driver.class.php 第 113 行.
NOTIC: [8] Undefined offset: 0 D:\WWW\LinkRenhe\LinkRenhe\Home\Controller\IndexController.class.php 第 11 行.
INFO: [ view_parse ] --START--
NOTIC: [8] Undefined index: user D:\WWW\LinkRenhe\LinkRenhe\Runtime\Cache\48d48da4bb6a07165f67242178aca7c3e37abdcc.file.index.html.php 第 107 行.
NOTIC: [8] Undefined index: user D:\WWW\LinkRenhe\LinkRenhe\Runtime\Cache\48d48da4bb6a07165f67242178aca7c3e37abdcc.file.index.html.php 第 133 行.
NOTIC: [8] Undefined index: user D:\WWW\LinkRenhe\LinkRenhe\Runtime\Cache\d2bc4447d1935e1c6f5c15fc52aeb1059e418794.file.bottom.html.php 第 51 行.
INFO: Run Behavior\ParseTemplateBehavior [ RunTime:0.125007s ]
INFO: [ view_parse ] --END-- [ RunTime:0.125007s ]
INFO: [ view_filter ] --START--
INFO: Run Behavior\WriteHtmlCacheBehavior [ RunTime:0.009001s ]
INFO: [ view_filter ] --END-- [ RunTime:0.009001s ]
INFO: [ app_end ] --START--
INFO: Run Behavior\ShowPageTraceBehavior [ RunTime:0.011001s ]
INFO: [ app_end ] --END-- [ RunTime:0.011001s ]

