[ 2017-02-21T08:33:42+08:00 ] 14.17.37.68 /index.php/Home/index/index?from=timeline
INFO: [ app_init ] --START--
INFO: Run Behavior\BuildLiteBehavior [ RunTime:0.000000s ]
INFO: [ app_init ] --END-- [ RunTime:0.000000s ]
INFO: [ app_begin ] --START--
INFO: Run Behavior\ReadHtmlCacheBehavior [ RunTime:0.000000s ]
INFO: [ app_begin ] --END-- [ RunTime:0.000000s ]
NOTIC: [8] Undefined offset: 0 E:\Apache24\htdocs\FrameWork\Library\Think\Db\Driver.class.php 第 113 行.
NOTIC: [8] Undefined offset: 0 E:\Apache24\htdocs\FrameWork\Library\Think\Db\Driver.class.php 第 113 行.
NOTIC: [8] Undefined offset: 0 E:\Apache24\htdocs\LinkRenhe\Home\Controller\IndexController.class.php 第 11 行.
INFO: [ view_parse ] --START--
NOTIC: [8] Undefined index: user E:\Apache24\htdocs\LinkRenhe\Runtime\Cache\48d48da4bb6a07165f67242178aca7c3e37abdcc.file.index.html.php 第 107 行.
NOTIC: [8] Undefined index: user E:\Apache24\htdocs\LinkRenhe\Runtime\Cache\48d48da4bb6a07165f67242178aca7c3e37abdcc.file.index.html.php 第 133 行.
NOTIC: [8] Undefined index: user E:\Apache24\htdocs\LinkRenhe\Runtime\Cache\469185dbdd9f9844d132a81bb8f4895cb344f030.file.bottom.html.php 第 51 行.
INFO: Run Behavior\ParseTemplateBehavior [ RunTime:0.015600s ]
INFO: [ view_parse ] --END-- [ RunTime:0.015600s ]
INFO: [ view_filter ] --START--
INFO: Run Behavior\WriteHtmlCacheBehavior [ RunTime:0.000000s ]
INFO: [ view_filter ] --END-- [ RunTime:0.000000s ]
INFO: [ app_end ] --START--
INFO: Run Behavior\ShowPageTraceBehavior [ RunTime:0.000000s ]
INFO: [ app_end ] --END-- [ RunTime:0.000000s ]

[ 2017-02-21T09:43:06+08:00 ] 182.131.11.250 /index.php/Home/news/newslist/id/1/page/1
INFO: [ app_init ] --START--
INFO: Run Behavior\BuildLiteBehavior [ RunTime:0.000000s ]
INFO: [ app_init ] --END-- [ RunTime:0.000000s ]
INFO: [ app_begin ] --START--
INFO: Run Behavior\ReadHtmlCacheBehavior [ RunTime:0.000000s ]
INFO: [ app_begin ] --END-- [ RunTime:0.000000s ]
NOTIC: [8] Undefined offset: 0 E:\Apache24\htdocs\FrameWork\Library\Think\Db\Driver.class.php 第 113 行.
NOTIC: [8] Undefined offset: 0 E:\Apache24\htdocs\FrameWork\Library\Think\Db\Driver.class.php 第 113 行.
NOTIC: [8] Undefined offset: 0 E:\Apache24\htdocs\FrameWork\Library\Think\Db\Driver.class.php 第 113 行.
NOTIC: [8] Undefined offset: 0 E:\Apache24\htdocs\FrameWork\Library\Think\Db\Driver.class.php 第 113 行.
INFO: [ view_parse ] --START--
INFO: Run Behavior\ParseTemplateBehavior [ RunTime:0.015600s ]
INFO: [ view_parse ] --END-- [ RunTime:0.015600s ]
INFO: [ view_filter ] --START--
INFO: Run Behavior\WriteHtmlCacheBehavior [ RunTime:0.000000s ]
INFO: [ view_filter ] --END-- [ RunTime:0.000000s ]
INFO: [ app_end ] --START--
INFO: Run Behavior\ShowPageTraceBehavior [ RunTime:0.000000s ]
INFO: [ app_end ] --END-- [ RunTime:0.000000s ]

[ 2017-02-21T09:43:14+08:00 ] 182.131.11.250 /index.php/Home/Online/index
INFO: [ app_init ] --START--
INFO: Run Behavior\BuildLiteBehavior [ RunTime:0.000000s ]
INFO: [ app_init ] --END-- [ RunTime:0.000000s ]
INFO: [ app_begin ] --START--
INFO: Run Behavior\ReadHtmlCacheBehavior [ RunTime:0.000000s ]
INFO: [ app_begin ] --END-- [ RunTime:0.000000s ]
INFO: [ view_parse ] --START--
NOTIC: [8] Use of undefined constant user - assumed 'user' E:\Apache24\htdocs\LinkRenhe\Runtime\Cache\b215912f43202e70460ee01739cb35ca54cfd4ea.file.index.html.php 第 76 行.
INFO: Run Behavior\ParseTemplateBehavior [ RunTime:0.015600s ]
INFO: [ view_parse ] --END-- [ RunTime:0.015600s ]
INFO: [ view_filter ] --START--
INFO: Run Behavior\WriteHtmlCacheBehavior [ RunTime:0.000000s ]
INFO: [ view_filter ] --END-- [ RunTime:0.000000s ]
INFO: [ app_end ] --START--
INFO: Run Behavior\ShowPageTraceBehavior [ RunTime:0.000000s ]
INFO: [ app_end ] --END-- [ RunTime:0.000000s ]

[ 2017-02-21T09:43:14+08:00 ] 182.131.11.250 /index.php/Home/login/index
INFO: [ app_init ] --START--
INFO: Run Behavior\BuildLiteBehavior [ RunTime:0.000000s ]
INFO: [ app_init ] --END-- [ RunTime:0.000000s ]
INFO: [ app_begin ] --START--
INFO: Run Behavior\ReadHtmlCacheBehavior [ RunTime:0.000000s ]
INFO: [ app_begin ] --END-- [ RunTime:0.000000s ]
INFO: [ view_parse ] --START--
NOTIC: [8] Use of undefined constant user - assumed 'user' E:\Apache24\htdocs\LinkRenhe\Runtime\Cache\7646118ef4904ffc2d8d3827fbc04b028d2e35aa.file.index.html.php 第 74 行.
INFO: Run Behavior\ParseTemplateBehavior [ RunTime:0.015600s ]
INFO: [ view_parse ] --END-- [ RunTime:0.015600s ]
INFO: [ view_filter ] --START--
INFO: Run Behavior\WriteHtmlCacheBehavior [ RunTime:0.000000s ]
INFO: [ view_filter ] --END-- [ RunTime:0.000000s ]
INFO: [ app_end ] --START--
INFO: Run Behavior\ShowPageTraceBehavior [ RunTime:0.000000s ]
INFO: [ app_end ] --END-- [ RunTime:0.000000s ]

[ 2017-02-21T09:43:22+08:00 ] 182.131.11.250 /index.php/Home/index/index
INFO: [ app_init ] --START--
INFO: Run Behavior\BuildLiteBehavior [ RunTime:0.000000s ]
INFO: [ app_init ] --END-- [ RunTime:0.000000s ]
INFO: [ app_begin ] --START--
INFO: Run Behavior\ReadHtmlCacheBehavior [ RunTime:0.000000s ]
INFO: [ app_begin ] --END-- [ RunTime:0.000000s ]
NOTIC: [8] Undefined offset: 0 E:\Apache24\htdocs\FrameWork\Library\Think\Db\Driver.class.php 第 113 行.
NOTIC: [8] Undefined offset: 0 E:\Apache24\htdocs\FrameWork\Library\Think\Db\Driver.class.php 第 113 行.
NOTIC: [8] Undefined offset: 0 E:\Apache24\htdocs\LinkRenhe\Home\Controller\IndexController.class.php 第 11 行.
INFO: [ view_parse ] --START--
NOTIC: [8] Undefined index: user E:\Apache24\htdocs\LinkRenhe\Runtime\Cache\48d48da4bb6a07165f67242178aca7c3e37abdcc.file.index.html.php 第 107 行.
NOTIC: [8] Undefined index: user E:\Apache24\htdocs\LinkRenhe\Runtime\Cache\48d48da4bb6a07165f67242178aca7c3e37abdcc.file.index.html.php 第 133 行.
NOTIC: [8] Undefined index: user E:\Apache24\htdocs\LinkRenhe\Runtime\Cache\469185dbdd9f9844d132a81bb8f4895cb344f030.file.bottom.html.php 第 51 行.
INFO: Run Behavior\ParseTemplateBehavior [ RunTime:0.015601s ]
INFO: [ view_parse ] --END-- [ RunTime:0.015601s ]
INFO: [ view_filter ] --START--
INFO: Run Behavior\WriteHtmlCacheBehavior [ RunTime:0.000000s ]
INFO: [ view_filter ] --END-- [ RunTime:0.000000s ]
INFO: [ app_end ] --START--
INFO: Run Behavior\ShowPageTraceBehavior [ RunTime:0.000000s ]
INFO: [ app_end ] --END-- [ RunTime:0.000000s ]

[ 2017-02-21T09:43:28+08:00 ] 182.131.11.250 /index.php/Home/news/index
INFO: [ app_init ] --START--
INFO: Run Behavior\BuildLiteBehavior [ RunTime:0.000000s ]
INFO: [ app_init ] --END-- [ RunTime:0.000000s ]
INFO: [ app_begin ] --START--
INFO: Run Behavior\ReadHtmlCacheBehavior [ RunTime:0.000000s ]
INFO: [ app_begin ] --END-- [ RunTime:0.000000s ]
NOTIC: [8] Undefined offset: 0 E:\Apache24\htdocs\FrameWork\Library\Think\Db\Driver.class.php 第 113 行.
NOTIC: [8] Undefined offset: 0 E:\Apache24\htdocs\FrameWork\Library\Think\Db\Driver.class.php 第 113 行.
NOTIC: [8] Undefined offset: 0 E:\Apache24\htdocs\FrameWork\Library\Think\Db\Driver.class.php 第 113 行.
NOTIC: [8] Undefined offset: 0 E:\Apache24\htdocs\FrameWork\Library\Think\Db\Driver.class.php 第 113 行.
INFO: [ view_parse ] --START--
NOTIC: [8] Use of undefined constant user - assumed 'user' E:\Apache24\htdocs\LinkRenhe\Runtime\Cache\8bcdedb6e9bd9a0cbbe5e75681be3d67f63b1509.file.index.html.php 第 84 行.
INFO: Run Behavior\ParseTemplateBehavior [ RunTime:0.015600s ]
INFO: [ view_parse ] --END-- [ RunTime:0.015600s ]
INFO: [ view_filter ] --START--
INFO: Run Behavior\WriteHtmlCacheBehavior [ RunTime:0.000000s ]
INFO: [ view_filter ] --END-- [ RunTime:0.000000s ]
INFO: [ app_end ] --START--
INFO: Run Behavior\ShowPageTraceBehavior [ RunTime:0.000000s ]
INFO: [ app_end ] --END-- [ RunTime:0.000000s ]

[ 2017-02-21T09:43:29+08:00 ] 182.131.11.250 /index.php/Home/news/newsNameList
INFO: [ app_init ] --START--
INFO: Run Behavior\BuildLiteBehavior [ RunTime:0.000000s ]
INFO: [ app_init ] --END-- [ RunTime:0.000000s ]
INFO: [ app_begin ] --START--
INFO: Run Behavior\ReadHtmlCacheBehavior [ RunTime:0.000000s ]
INFO: [ app_begin ] --END-- [ RunTime:0.000000s ]
NOTIC: [8] Undefined offset: 0 E:\Apache24\htdocs\FrameWork\Library\Think\Db\Driver.class.php 第 113 行.
NOTIC: [8] Undefined offset: 0 E:\Apache24\htdocs\FrameWork\Library\Think\Db\Driver.class.php 第 113 行.
NOTIC: [8] Undefined offset: 0 E:\Apache24\htdocs\FrameWork\Library\Think\Db\Driver.class.php 第 113 行.
NOTIC: [8] Undefined offset: 0 E:\Apache24\htdocs\FrameWork\Library\Think\Db\Driver.class.php 第 113 行.
INFO: [ app_end ] --START--
INFO: Run Behavior\ShowPageTraceBehavior [ RunTime:0.000000s ]
INFO: [ app_end ] --END-- [ RunTime:0.000000s ]

[ 2017-02-21T13:47:14+08:00 ] 182.131.11.251 /index.php/Home/Online/index
INFO: [ app_init ] --START--
INFO: Run Behavior\BuildLiteBehavior [ RunTime:0.000000s ]
INFO: [ app_init ] --END-- [ RunTime:0.000000s ]
INFO: [ app_begin ] --START--
INFO: Run Behavior\ReadHtmlCacheBehavior [ RunTime:0.000000s ]
INFO: [ app_begin ] --END-- [ RunTime:0.000000s ]
INFO: [ view_parse ] --START--
NOTIC: [8] Use of undefined constant user - assumed 'user' E:\Apache24\htdocs\LinkRenhe\Runtime\Cache\b215912f43202e70460ee01739cb35ca54cfd4ea.file.index.html.php 第 76 行.
INFO: Run Behavior\ParseTemplateBehavior [ RunTime:0.015600s ]
INFO: [ view_parse ] --END-- [ RunTime:0.015600s ]
INFO: [ view_filter ] --START--
INFO: Run Behavior\WriteHtmlCacheBehavior [ RunTime:0.000000s ]
INFO: [ view_filter ] --END-- [ RunTime:0.000000s ]
INFO: [ app_end ] --START--
INFO: Run Behavior\ShowPageTraceBehavior [ RunTime:0.000000s ]
INFO: [ app_end ] --END-- [ RunTime:0.000000s ]

[ 2017-02-21T13:47:14+08:00 ] 182.131.11.251 /index.php/Home/login/index
INFO: [ app_init ] --START--
INFO: Run Behavior\BuildLiteBehavior [ RunTime:0.000000s ]
INFO: [ app_init ] --END-- [ RunTime:0.000000s ]
INFO: [ app_begin ] --START--
INFO: Run Behavior\ReadHtmlCacheBehavior [ RunTime:0.000000s ]
INFO: [ app_begin ] --END-- [ RunTime:0.000000s ]
INFO: [ view_parse ] --START--
NOTIC: [8] Use of undefined constant user - assumed 'user' E:\Apache24\htdocs\LinkRenhe\Runtime\Cache\7646118ef4904ffc2d8d3827fbc04b028d2e35aa.file.index.html.php 第 74 行.
INFO: Run Behavior\ParseTemplateBehavior [ RunTime:0.015600s ]
INFO: [ view_parse ] --END-- [ RunTime:0.015600s ]
INFO: [ view_filter ] --START--
INFO: Run Behavior\WriteHtmlCacheBehavior [ RunTime:0.000000s ]
INFO: [ view_filter ] --END-- [ RunTime:0.000000s ]
INFO: [ app_end ] --START--
INFO: Run Behavior\ShowPageTraceBehavior [ RunTime:0.000000s ]
INFO: [ app_end ] --END-- [ RunTime:0.000000s ]

[ 2017-02-21T13:47:28+08:00 ] 182.131.11.251 /index.php/Home/login/sendVricode/phoneyz/18281203983
INFO: [ app_init ] --START--
INFO: Run Behavior\BuildLiteBehavior [ RunTime:0.000000s ]
INFO: [ app_init ] --END-- [ RunTime:0.000000s ]
INFO: [ app_begin ] --START--
INFO: Run Behavior\ReadHtmlCacheBehavior [ RunTime:0.000000s ]
INFO: [ app_begin ] --END-- [ RunTime:0.000000s ]
NOTIC: [8] Undefined offset: 0 E:\Apache24\htdocs\FrameWork\Library\Think\Db\Driver.class.php 第 113 行.
NOTIC: [8] Undefined offset: 0 E:\Apache24\htdocs\FrameWork\Library\Think\Db\Driver.class.php 第 113 行.
NOTIC: [8] Undefined offset: 0 E:\Apache24\htdocs\FrameWork\Library\Think\Db\Driver.class.php 第 113 行.
NOTIC: [8] Undefined offset: 0 E:\Apache24\htdocs\FrameWork\Library\Think\Db\Driver.class.php 第 113 行.
INFO: [ app_end ] --START--
INFO: Run Behavior\ShowPageTraceBehavior [ RunTime:0.000000s ]
INFO: [ app_end ] --END-- [ RunTime:0.000000s ]

[ 2017-02-21T13:47:29+08:00 ] 180.153.214.152 /index.php/Home/Online/index
INFO: [ app_init ] --START--
INFO: Run Behavior\BuildLiteBehavior [ RunTime:0.000000s ]
INFO: [ app_init ] --END-- [ RunTime:0.000000s ]
INFO: [ app_begin ] --START--
INFO: Run Behavior\ReadHtmlCacheBehavior [ RunTime:0.000000s ]
INFO: [ app_begin ] --END-- [ RunTime:0.000000s ]
INFO: [ view_parse ] --START--
NOTIC: [8] Use of undefined constant user - assumed 'user' E:\Apache24\htdocs\LinkRenhe\Runtime\Cache\b215912f43202e70460ee01739cb35ca54cfd4ea.file.index.html.php 第 76 行.
INFO: Run Behavior\ParseTemplateBehavior [ RunTime:0.015600s ]
INFO: [ view_parse ] --END-- [ RunTime:0.015600s ]
INFO: [ view_filter ] --START--
INFO: Run Behavior\WriteHtmlCacheBehavior [ RunTime:0.000000s ]
INFO: [ view_filter ] --END-- [ RunTime:0.000000s ]
INFO: [ app_end ] --START--
INFO: Run Behavior\ShowPageTraceBehavior [ RunTime:0.000000s ]
INFO: [ app_end ] --END-- [ RunTime:0.000000s ]

[ 2017-02-21T13:47:29+08:00 ] 180.153.214.152 /index.php/Home/login/index
INFO: [ app_init ] --START--
INFO: Run Behavior\BuildLiteBehavior [ RunTime:0.000000s ]
INFO: [ app_init ] --END-- [ RunTime:0.000000s ]
INFO: [ app_begin ] --START--
INFO: Run Behavior\ReadHtmlCacheBehavior [ RunTime:0.000000s ]
INFO: [ app_begin ] --END-- [ RunTime:0.000000s ]
INFO: [ view_parse ] --START--
NOTIC: [8] Use of undefined constant user - assumed 'user' E:\Apache24\htdocs\LinkRenhe\Runtime\Cache\7646118ef4904ffc2d8d3827fbc04b028d2e35aa.file.index.html.php 第 74 行.
INFO: Run Behavior\ParseTemplateBehavior [ RunTime:0.015600s ]
INFO: [ view_parse ] --END-- [ RunTime:0.015600s ]
INFO: [ view_filter ] --START--
INFO: Run Behavior\WriteHtmlCacheBehavior [ RunTime:0.000000s ]
INFO: [ view_filter ] --END-- [ RunTime:0.000000s ]
INFO: [ app_end ] --START--
INFO: Run Behavior\ShowPageTraceBehavior [ RunTime:0.000000s ]
INFO: [ app_end ] --END-- [ RunTime:0.000000s ]

[ 2017-02-21T13:47:39+08:00 ] 182.131.11.251 /index.php/Home/login/sendVricode/phoneyz/18982343317
INFO: [ app_init ] --START--
INFO: Run Behavior\BuildLiteBehavior [ RunTime:0.000000s ]
INFO: [ app_init ] --END-- [ RunTime:0.000000s ]
INFO: [ app_begin ] --START--
INFO: Run Behavior\ReadHtmlCacheBehavior [ RunTime:0.000000s ]
INFO: [ app_begin ] --END-- [ RunTime:0.000000s ]
NOTIC: [8] Undefined offset: 0 E:\Apache24\htdocs\FrameWork\Library\Think\Db\Driver.class.php 第 113 行.
NOTIC: [8] Undefined offset: 0 E:\Apache24\htdocs\FrameWork\Library\Think\Db\Driver.class.php 第 113 行.
NOTIC: [8] Undefined offset: 0 E:\Apache24\htdocs\FrameWork\Library\Think\Db\Driver.class.php 第 113 行.
NOTIC: [8] Undefined offset: 0 E:\Apache24\htdocs\FrameWork\Library\Think\Db\Driver.class.php 第 113 行.
INFO: [ app_end ] --START--
INFO: Run Behavior\ShowPageTraceBehavior [ RunTime:0.000000s ]
INFO: [ app_end ] --END-- [ RunTime:0.000000s ]

[ 2017-02-21T13:47:47+08:00 ] 182.131.11.251 /index.php/Home/myinfo/forgetpwd
INFO: [ app_init ] --START--
INFO: Run Behavior\BuildLiteBehavior [ RunTime:0.000000s ]
INFO: [ app_init ] --END-- [ RunTime:0.000000s ]
INFO: [ app_begin ] --START--
INFO: Run Behavior\ReadHtmlCacheBehavior [ RunTime:0.000000s ]
INFO: [ app_begin ] --END-- [ RunTime:0.000000s ]
INFO: [ view_parse ] --START--
INFO: Run Behavior\ParseTemplateBehavior [ RunTime:0.015600s ]
INFO: [ view_parse ] --END-- [ RunTime:0.015600s ]
INFO: [ view_filter ] --START--
INFO: Run Behavior\WriteHtmlCacheBehavior [ RunTime:0.000000s ]
INFO: [ view_filter ] --END-- [ RunTime:0.000000s ]
INFO: [ app_end ] --START--
INFO: Run Behavior\ShowPageTraceBehavior [ RunTime:0.000000s ]
INFO: [ app_end ] --END-- [ RunTime:0.000000s ]

[ 2017-02-21T13:47:54+08:00 ] 182.131.11.251 /index.php/Home/login/sendVricode/phoneyz/18281203983
INFO: [ app_init ] --START--
INFO: Run Behavior\BuildLiteBehavior [ RunTime:0.000000s ]
INFO: [ app_init ] --END-- [ RunTime:0.000000s ]
INFO: [ app_begin ] --START--
INFO: Run Behavior\ReadHtmlCacheBehavior [ RunTime:0.000000s ]
INFO: [ app_begin ] --END-- [ RunTime:0.000000s ]
NOTIC: [8] Undefined offset: 0 E:\Apache24\htdocs\FrameWork\Library\Think\Db\Driver.class.php 第 113 行.
NOTIC: [8] Undefined offset: 0 E:\Apache24\htdocs\FrameWork\Library\Think\Db\Driver.class.php 第 113 行.
NOTIC: [8] Undefined offset: 0 E:\Apache24\htdocs\FrameWork\Library\Think\Db\Driver.class.php 第 113 行.
NOTIC: [8] Undefined offset: 0 E:\Apache24\htdocs\FrameWork\Library\Think\Db\Driver.class.php 第 113 行.
INFO: [ app_end ] --START--
INFO: Run Behavior\ShowPageTraceBehavior [ RunTime:0.000000s ]
INFO: [ app_end ] --END-- [ RunTime:0.000000s ]

[ 2017-02-21T13:47:57+08:00 ] 101.226.89.121 /index.php/Home/myinfo/forgetpwd
INFO: [ app_init ] --START--
INFO: Run Behavior\BuildLiteBehavior [ RunTime:0.000000s ]
INFO: [ app_init ] --END-- [ RunTime:0.000000s ]
INFO: [ app_begin ] --START--
INFO: Run Behavior\ReadHtmlCacheBehavior [ RunTime:0.000000s ]
INFO: [ app_begin ] --END-- [ RunTime:0.000000s ]
INFO: [ view_parse ] --START--
INFO: Run Behavior\ParseTemplateBehavior [ RunTime:0.015601s ]
INFO: [ view_parse ] --END-- [ RunTime:0.015601s ]
INFO: [ view_filter ] --START--
INFO: Run Behavior\WriteHtmlCacheBehavior [ RunTime:0.000000s ]
INFO: [ view_filter ] --END-- [ RunTime:0.000000s ]
INFO: [ app_end ] --START--
INFO: Run Behavior\ShowPageTraceBehavior [ RunTime:0.000000s ]
INFO: [ app_end ] --END-- [ RunTime:0.000000s ]

[ 2017-02-21T13:48:00+08:00 ] 182.131.11.251 /index.php/Home/Online/index
INFO: [ app_init ] --START--
INFO: Run Behavior\BuildLiteBehavior [ RunTime:0.000000s ]
INFO: [ app_init ] --END-- [ RunTime:0.000000s ]
INFO: [ app_begin ] --START--
INFO: Run Behavior\ReadHtmlCacheBehavior [ RunTime:0.000000s ]
INFO: [ app_begin ] --END-- [ RunTime:0.000000s ]
INFO: [ view_parse ] --START--
NOTIC: [8] Use of undefined constant user - assumed 'user' E:\Apache24\htdocs\LinkRenhe\Runtime\Cache\b215912f43202e70460ee01739cb35ca54cfd4ea.file.index.html.php 第 76 行.
INFO: Run Behavior\ParseTemplateBehavior [ RunTime:0.015600s ]
INFO: [ view_parse ] --END-- [ RunTime:0.015600s ]
INFO: [ view_filter ] --START--
INFO: Run Behavior\WriteHtmlCacheBehavior [ RunTime:0.000000s ]
INFO: [ view_filter ] --END-- [ RunTime:0.000000s ]
INFO: [ app_end ] --START--
INFO: Run Behavior\ShowPageTraceBehavior [ RunTime:0.000000s ]
INFO: [ app_end ] --END-- [ RunTime:0.000000s ]

[ 2017-02-21T13:48:00+08:00 ] 182.131.11.251 /index.php/Home/login/index
INFO: [ app_init ] --START--
INFO: Run Behavior\BuildLiteBehavior [ RunTime:0.000000s ]
INFO: [ app_init ] --END-- [ RunTime:0.000000s ]
INFO: [ app_begin ] --START--
INFO: Run Behavior\ReadHtmlCacheBehavior [ RunTime:0.000000s ]
INFO: [ app_begin ] --END-- [ RunTime:0.000000s ]
INFO: [ view_parse ] --START--
NOTIC: [8] Use of undefined constant user - assumed 'user' E:\Apache24\htdocs\LinkRenhe\Runtime\Cache\7646118ef4904ffc2d8d3827fbc04b028d2e35aa.file.index.html.php 第 74 行.
INFO: Run Behavior\ParseTemplateBehavior [ RunTime:0.015600s ]
INFO: [ view_parse ] --END-- [ RunTime:0.015600s ]
INFO: [ view_filter ] --START--
INFO: Run Behavior\WriteHtmlCacheBehavior [ RunTime:0.000000s ]
INFO: [ view_filter ] --END-- [ RunTime:0.000000s ]
INFO: [ app_end ] --START--
INFO: Run Behavior\ShowPageTraceBehavior [ RunTime:0.000000s ]
INFO: [ app_end ] --END-- [ RunTime:0.000000s ]

[ 2017-02-21T13:48:05+08:00 ] 182.131.11.251 /index.php/Home/Login/regist
INFO: [ app_init ] --START--
INFO: Run Behavior\BuildLiteBehavior [ RunTime:0.000000s ]
INFO: [ app_init ] --END-- [ RunTime:0.000000s ]
INFO: [ app_begin ] --START--
INFO: Run Behavior\ReadHtmlCacheBehavior [ RunTime:0.000000s ]
INFO: [ app_begin ] --END-- [ RunTime:0.000000s ]
INFO: [ view_parse ] --START--
INFO: Run Behavior\ParseTemplateBehavior [ RunTime:0.015600s ]
INFO: [ view_parse ] --END-- [ RunTime:0.015600s ]
INFO: [ view_filter ] --START--
INFO: Run Behavior\WriteHtmlCacheBehavior [ RunTime:0.000000s ]
INFO: [ view_filter ] --END-- [ RunTime:0.000000s ]
INFO: [ app_end ] --START--
INFO: Run Behavior\ShowPageTraceBehavior [ RunTime:0.000000s ]
INFO: [ app_end ] --END-- [ RunTime:0.000000s ]

[ 2017-02-21T13:48:15+08:00 ] 182.131.11.251 /index.php/Home/login/sendVricode/controller/regist/phoneyz/18281203983
INFO: [ app_init ] --START--
INFO: Run Behavior\BuildLiteBehavior [ RunTime:0.000000s ]
INFO: [ app_init ] --END-- [ RunTime:0.000000s ]
INFO: [ app_begin ] --START--
INFO: Run Behavior\ReadHtmlCacheBehavior [ RunTime:0.015600s ]
INFO: [ app_begin ] --END-- [ RunTime:0.015600s ]
NOTIC: [8] Undefined offset: 0 E:\Apache24\htdocs\FrameWork\Library\Think\Db\Driver.class.php 第 113 行.
NOTIC: [8] Undefined offset: 0 E:\Apache24\htdocs\FrameWork\Library\Think\Db\Driver.class.php 第 113 行.
NOTIC: [8] Undefined offset: 0 E:\Apache24\htdocs\FrameWork\Library\Think\Db\Driver.class.php 第 113 行.
NOTIC: [8] Undefined offset: 0 E:\Apache24\htdocs\FrameWork\Library\Think\Db\Driver.class.php 第 113 行.
INFO: [ app_end ] --START--
INFO: Run Behavior\ShowPageTraceBehavior [ RunTime:0.000000s ]
INFO: [ app_end ] --END-- [ RunTime:0.000000s ]

[ 2017-02-21T13:48:15+08:00 ] 180.153.214.182 /index.php/Home/Login/regist
INFO: [ app_init ] --START--
INFO: Run Behavior\BuildLiteBehavior [ RunTime:0.000000s ]
INFO: [ app_init ] --END-- [ RunTime:0.000000s ]
INFO: [ app_begin ] --START--
INFO: Run Behavior\ReadHtmlCacheBehavior [ RunTime:0.000000s ]
INFO: [ app_begin ] --END-- [ RunTime:0.000000s ]
INFO: [ view_parse ] --START--
INFO: Run Behavior\ParseTemplateBehavior [ RunTime:0.015600s ]
INFO: [ view_parse ] --END-- [ RunTime:0.015600s ]
INFO: [ view_filter ] --START--
INFO: Run Behavior\WriteHtmlCacheBehavior [ RunTime:0.000000s ]
INFO: [ view_filter ] --END-- [ RunTime:0.000000s ]
INFO: [ app_end ] --START--
INFO: Run Behavior\ShowPageTraceBehavior [ RunTime:0.000000s ]
INFO: [ app_end ] --END-- [ RunTime:0.000000s ]

[ 2017-02-21T13:48:40+08:00 ] 182.131.11.251 /index.php/Home/login/checkVricode/phoneyz/18281203983/vircode/905647
INFO: [ app_init ] --START--
INFO: Run Behavior\BuildLiteBehavior [ RunTime:0.000000s ]
INFO: [ app_init ] --END-- [ RunTime:0.000000s ]
INFO: [ app_begin ] --START--
INFO: Run Behavior\ReadHtmlCacheBehavior [ RunTime:0.000000s ]
INFO: [ app_begin ] --END-- [ RunTime:0.000000s ]
NOTIC: [8] Undefined offset: 0 E:\Apache24\htdocs\FrameWork\Library\Think\Db\Driver.class.php 第 113 行.
NOTIC: [8] Undefined offset: 0 E:\Apache24\htdocs\FrameWork\Library\Think\Db\Driver.class.php 第 113 行.
NOTIC: [8] Undefined offset: 0 E:\Apache24\htdocs\FrameWork\Library\Think\Db\Driver.class.php 第 113 行.
NOTIC: [8] Undefined offset: 0 E:\Apache24\htdocs\FrameWork\Library\Think\Db\Driver.class.php 第 113 行.
INFO: [ app_end ] --START--
INFO: Run Behavior\ShowPageTraceBehavior [ RunTime:0.000000s ]
INFO: [ app_end ] --END-- [ RunTime:0.000000s ]

[ 2017-02-21T13:48:40+08:00 ] 182.131.11.251 /index.php/Home/login/registagre
INFO: [ app_init ] --START--
INFO: Run Behavior\BuildLiteBehavior [ RunTime:0.000000s ]
INFO: [ app_init ] --END-- [ RunTime:0.000000s ]
INFO: [ app_begin ] --START--
INFO: Run Behavior\ReadHtmlCacheBehavior [ RunTime:0.015600s ]
INFO: [ app_begin ] --END-- [ RunTime:0.015600s ]
INFO: [ view_parse ] --START--
INFO: Run Behavior\ParseTemplateBehavior [ RunTime:0.015600s ]
INFO: [ view_parse ] --END-- [ RunTime:0.015600s ]
INFO: [ view_filter ] --START--
INFO: Run Behavior\WriteHtmlCacheBehavior [ RunTime:0.000000s ]
INFO: [ view_filter ] --END-- [ RunTime:0.000000s ]
INFO: [ app_end ] --START--
INFO: Run Behavior\ShowPageTraceBehavior [ RunTime:0.000000s ]
INFO: [ app_end ] --END-- [ RunTime:0.000000s ]

[ 2017-02-21T13:48:55+08:00 ] 180.153.205.253 /index.php/Home/login/registagre
INFO: [ app_init ] --START--
INFO: Run Behavior\BuildLiteBehavior [ RunTime:0.000000s ]
INFO: [ app_init ] --END-- [ RunTime:0.000000s ]
INFO: [ app_begin ] --START--
INFO: Run Behavior\ReadHtmlCacheBehavior [ RunTime:0.000000s ]
INFO: [ app_begin ] --END-- [ RunTime:0.000000s ]
INFO: [ view_parse ] --START--
NOTIC: [8] Undefined index: user E:\Apache24\htdocs\LinkRenhe\Runtime\Cache\9e0fad1b8908958ffac81984c8822fdda28c89e6.file.registagre.html.php 第 90 行.
INFO: Run Behavior\ParseTemplateBehavior [ RunTime:0.015600s ]
INFO: [ view_parse ] --END-- [ RunTime:0.015600s ]
INFO: [ view_filter ] --START--
INFO: Run Behavior\WriteHtmlCacheBehavior [ RunTime:0.000000s ]
INFO: [ view_filter ] --END-- [ RunTime:0.000000s ]
INFO: [ app_end ] --START--
INFO: Run Behavior\ShowPageTraceBehavior [ RunTime:0.000000s ]
INFO: [ app_end ] --END-- [ RunTime:0.000000s ]

[ 2017-02-21T13:48:58+08:00 ] 221.10.2.222 /index.php/Home/login/submitRegist
INFO: [ app_init ] --START--
INFO: Run Behavior\BuildLiteBehavior [ RunTime:0.000000s ]
INFO: [ app_init ] --END-- [ RunTime:0.000000s ]
INFO: [ app_begin ] --START--
INFO: Run Behavior\ReadHtmlCacheBehavior [ RunTime:0.000000s ]
INFO: [ app_begin ] --END-- [ RunTime:0.000000s ]
NOTIC: [8] Undefined offset: 0 E:\Apache24\htdocs\FrameWork\Library\Think\Db\Driver.class.php 第 113 行.
NOTIC: [8] Undefined offset: 0 E:\Apache24\htdocs\FrameWork\Library\Think\Db\Driver.class.php 第 113 行.
NOTIC: [8] Undefined offset: 0 E:\Apache24\htdocs\FrameWork\Library\Think\Db\Driver.class.php 第 113 行.
NOTIC: [8] Undefined offset: 0 E:\Apache24\htdocs\FrameWork\Library\Think\Db\Driver.class.php 第 113 行.
INFO: [ app_end ] --START--
INFO: Run Behavior\ShowPageTraceBehavior [ RunTime:0.000000s ]
INFO: [ app_end ] --END-- [ RunTime:0.000000s ]

[ 2017-02-21T13:49:00+08:00 ] 182.131.11.251 /index.php/Home/login/index
INFO: [ app_init ] --START--
INFO: Run Behavior\BuildLiteBehavior [ RunTime:0.000000s ]
INFO: [ app_init ] --END-- [ RunTime:0.000000s ]
INFO: [ app_begin ] --START--
INFO: Run Behavior\ReadHtmlCacheBehavior [ RunTime:0.000000s ]
INFO: [ app_begin ] --END-- [ RunTime:0.000000s ]
INFO: [ view_parse ] --START--
NOTIC: [8] Use of undefined constant user - assumed 'user' E:\Apache24\htdocs\LinkRenhe\Runtime\Cache\7646118ef4904ffc2d8d3827fbc04b028d2e35aa.file.index.html.php 第 74 行.
INFO: Run Behavior\ParseTemplateBehavior [ RunTime:0.015600s ]
INFO: [ view_parse ] --END-- [ RunTime:0.015600s ]
INFO: [ view_filter ] --START--
INFO: Run Behavior\WriteHtmlCacheBehavior [ RunTime:0.000000s ]
INFO: [ view_filter ] --END-- [ RunTime:0.000000s ]
INFO: [ app_end ] --START--
INFO: Run Behavior\ShowPageTraceBehavior [ RunTime:0.000000s ]
INFO: [ app_end ] --END-- [ RunTime:0.000000s ]

[ 2017-02-21T13:49:14+08:00 ] 182.131.11.251 /index.php/Home/login/loginEnter?18281203983/zp27086066
INFO: [ app_init ] --START--
INFO: Run Behavior\BuildLiteBehavior [ RunTime:0.000000s ]
INFO: [ app_init ] --END-- [ RunTime:0.000000s ]
INFO: [ app_begin ] --START--
INFO: Run Behavior\ReadHtmlCacheBehavior [ RunTime:0.000000s ]
INFO: [ app_begin ] --END-- [ RunTime:0.000000s ]
NOTIC: [8] Undefined offset: 0 E:\Apache24\htdocs\FrameWork\Library\Think\Db\Driver.class.php 第 113 行.
NOTIC: [8] Undefined offset: 0 E:\Apache24\htdocs\FrameWork\Library\Think\Db\Driver.class.php 第 113 行.
NOTIC: [8] Undefined offset: 0 E:\Apache24\htdocs\FrameWork\Library\Think\Db\Driver.class.php 第 113 行.
NOTIC: [8] Undefined offset: 0 E:\Apache24\htdocs\FrameWork\Library\Think\Db\Driver.class.php 第 113 行.
NOTIC: [8] Undefined index: easemobsaccount E:\Apache24\htdocs\LinkRenhe\Home\Controller\LoginController.class.php 第 34 行.
INFO: [ app_end ] --START--
INFO: Run Behavior\ShowPageTraceBehavior [ RunTime:0.000000s ]
INFO: [ app_end ] --END-- [ RunTime:0.000000s ]

[ 2017-02-21T13:49:15+08:00 ] 182.131.11.251 /index.php/Home/index/index
INFO: [ app_init ] --START--
INFO: Run Behavior\BuildLiteBehavior [ RunTime:0.000000s ]
INFO: [ app_init ] --END-- [ RunTime:0.000000s ]
INFO: [ app_begin ] --START--
INFO: Run Behavior\ReadHtmlCacheBehavior [ RunTime:0.000000s ]
INFO: [ app_begin ] --END-- [ RunTime:0.000000s ]
NOTIC: [8] Undefined offset: 0 E:\Apache24\htdocs\FrameWork\Library\Think\Db\Driver.class.php 第 113 行.
NOTIC: [8] Undefined offset: 0 E:\Apache24\htdocs\FrameWork\Library\Think\Db\Driver.class.php 第 113 行.
NOTIC: [8] Undefined offset: 0 E:\Apache24\htdocs\LinkRenhe\Home\Controller\IndexController.class.php 第 11 行.
INFO: [ view_parse ] --START--
INFO: Run Behavior\ParseTemplateBehavior [ RunTime:0.015600s ]
INFO: [ view_parse ] --END-- [ RunTime:0.031200s ]
INFO: [ view_filter ] --START--
INFO: Run Behavior\WriteHtmlCacheBehavior [ RunTime:0.000000s ]
INFO: [ view_filter ] --END-- [ RunTime:0.000000s ]
INFO: [ app_end ] --START--
INFO: Run Behavior\ShowPageTraceBehavior [ RunTime:0.000000s ]
INFO: [ app_end ] --END-- [ RunTime:0.000000s ]

[ 2017-02-21T13:49:17+08:00 ] 182.131.11.251 /index.php/Home/online/index
INFO: [ app_init ] --START--
INFO: Run Behavior\BuildLiteBehavior [ RunTime:0.000000s ]
INFO: [ app_init ] --END-- [ RunTime:0.000000s ]
INFO: [ app_begin ] --START--
INFO: Run Behavior\ReadHtmlCacheBehavior [ RunTime:0.000000s ]
INFO: [ app_begin ] --END-- [ RunTime:0.000000s ]
INFO: [ view_parse ] --START--
NOTIC: [8] Use of undefined constant user - assumed 'user' E:\Apache24\htdocs\LinkRenhe\Runtime\Cache\b215912f43202e70460ee01739cb35ca54cfd4ea.file.index.html.php 第 76 行.
INFO: Run Behavior\ParseTemplateBehavior [ RunTime:0.015600s ]
INFO: [ view_parse ] --END-- [ RunTime:0.015600s ]
INFO: [ view_filter ] --START--
INFO: Run Behavior\WriteHtmlCacheBehavior [ RunTime:0.000000s ]
INFO: [ view_filter ] --END-- [ RunTime:0.000000s ]
INFO: [ app_end ] --START--
INFO: Run Behavior\ShowPageTraceBehavior [ RunTime:0.000000s ]
INFO: [ app_end ] --END-- [ RunTime:0.000000s ]

[ 2017-02-21T13:49:17+08:00 ] 182.131.11.251 /index.php/Home/Online/OnlineInfoAction
INFO: [ app_init ] --START--
INFO: Run Behavior\BuildLiteBehavior [ RunTime:0.000000s ]
INFO: [ app_init ] --END-- [ RunTime:0.000000s ]
INFO: [ app_begin ] --START--
INFO: Run Behavior\ReadHtmlCacheBehavior [ RunTime:0.000000s ]
INFO: [ app_begin ] --END-- [ RunTime:0.000000s ]
NOTIC: [8] Undefined offset: 0 E:\Apache24\htdocs\FrameWork\Library\Think\Db\Driver.class.php 第 113 行.
NOTIC: [8] Undefined offset: 0 E:\Apache24\htdocs\FrameWork\Library\Think\Db\Driver.class.php 第 113 行.
NOTIC: [8] Undefined offset: 0 E:\Apache24\htdocs\FrameWork\Library\Think\Db\Driver.class.php 第 113 行.
NOTIC: [8] Undefined offset: 0 E:\Apache24\htdocs\FrameWork\Library\Think\Db\Driver.class.php 第 113 行.
INFO: [ app_end ] --START--
INFO: Run Behavior\ShowPageTraceBehavior [ RunTime:0.000000s ]
INFO: [ app_end ] --END-- [ RunTime:0.000000s ]

[ 2017-02-21T13:49:19+08:00 ] 182.131.11.251 /index.php/Home/online/onlineAgainst
INFO: [ app_init ] --START--
INFO: Run Behavior\BuildLiteBehavior [ RunTime:0.000000s ]
INFO: [ app_init ] --END-- [ RunTime:0.000000s ]
INFO: [ app_begin ] --START--
INFO: Run Behavior\ReadHtmlCacheBehavior [ RunTime:0.000000s ]
INFO: [ app_begin ] --END-- [ RunTime:0.000000s ]
INFO: [ view_parse ] --START--
INFO: Run Behavior\ParseTemplateBehavior [ RunTime:0.015600s ]
INFO: [ view_parse ] --END-- [ RunTime:0.015600s ]
INFO: [ view_filter ] --START--
INFO: Run Behavior\WriteHtmlCacheBehavior [ RunTime:0.000000s ]
INFO: [ view_filter ] --END-- [ RunTime:0.000000s ]
INFO: [ app_end ] --START--
INFO: Run Behavior\ShowPageTraceBehavior [ RunTime:0.000000s ]
INFO: [ app_end ] --END-- [ RunTime:0.000000s ]

[ 2017-02-21T13:49:29+08:00 ] 101.226.66.193 /index.php/Home/online/onlineAgainst
INFO: [ app_init ] --START--
INFO: Run Behavior\BuildLiteBehavior [ RunTime:0.000000s ]
INFO: [ app_init ] --END-- [ RunTime:0.000000s ]
INFO: [ app_begin ] --START--
INFO: Run Behavior\ReadHtmlCacheBehavior [ RunTime:0.000000s ]
INFO: [ app_begin ] --END-- [ RunTime:0.000000s ]
INFO: [ view_parse ] --START--
NOTIC: [8] Undefined index: user E:\Apache24\htdocs\LinkRenhe\Runtime\Cache\411d32daa31a6591132ae3194a86d9208114fdd8.file.onlineAgainst.html.php 第 259 行.
INFO: Run Behavior\ParseTemplateBehavior [ RunTime:0.015600s ]
INFO: [ view_parse ] --END-- [ RunTime:0.015600s ]
INFO: [ view_filter ] --START--
INFO: Run Behavior\WriteHtmlCacheBehavior [ RunTime:0.000000s ]
INFO: [ view_filter ] --END-- [ RunTime:0.000000s ]
INFO: [ app_end ] --START--
INFO: Run Behavior\ShowPageTraceBehavior [ RunTime:0.000000s ]
INFO: [ app_end ] --END-- [ RunTime:0.000000s ]

[ 2017-02-21T13:49:29+08:00 ] 101.226.66.193 /index.php/Home/login/index
INFO: [ app_init ] --START--
INFO: Run Behavior\BuildLiteBehavior [ RunTime:0.000000s ]
INFO: [ app_init ] --END-- [ RunTime:0.000000s ]
INFO: [ app_begin ] --START--
INFO: Run Behavior\ReadHtmlCacheBehavior [ RunTime:0.015600s ]
INFO: [ app_begin ] --END-- [ RunTime:0.015600s ]
INFO: [ view_parse ] --START--
NOTIC: [8] Use of undefined constant user - assumed 'user' E:\Apache24\htdocs\LinkRenhe\Runtime\Cache\7646118ef4904ffc2d8d3827fbc04b028d2e35aa.file.index.html.php 第 74 行.
INFO: Run Behavior\ParseTemplateBehavior [ RunTime:0.015600s ]
INFO: [ view_parse ] --END-- [ RunTime:0.015600s ]
INFO: [ view_filter ] --START--
INFO: Run Behavior\WriteHtmlCacheBehavior [ RunTime:0.000000s ]
INFO: [ view_filter ] --END-- [ RunTime:0.000000s ]
INFO: [ app_end ] --START--
INFO: Run Behavior\ShowPageTraceBehavior [ RunTime:0.000000s ]
INFO: [ app_end ] --END-- [ RunTime:0.000000s ]

[ 2017-02-21T13:49:55+08:00 ] 221.10.2.222 /index.php/Home/Online/OnlineAction
INFO: [ app_init ] --START--
INFO: Run Behavior\BuildLiteBehavior [ RunTime:0.000000s ]
INFO: [ app_init ] --END-- [ RunTime:0.000000s ]
INFO: [ app_begin ] --START--
INFO: Run Behavior\ReadHtmlCacheBehavior [ RunTime:0.000000s ]
INFO: [ app_begin ] --END-- [ RunTime:0.000000s ]
NOTIC: [8] Undefined offset: 0 E:\Apache24\htdocs\FrameWork\Library\Think\Db\Driver.class.php 第 113 行.
NOTIC: [8] Undefined offset: 0 E:\Apache24\htdocs\FrameWork\Library\Think\Db\Driver.class.php 第 113 行.
NOTIC: [8] Undefined variable: datanew E:\Apache24\htdocs\LinkRenhe\Home\Model\OnlineModel.class.php 第 23 行.
NOTIC: [8] Undefined offset: 2 E:\Apache24\htdocs\LinkRenhe\Home\Model\OnlineModel.class.php 第 23 行.
NOTIC: [8] Undefined offset: 0 E:\Apache24\htdocs\FrameWork\Library\Think\Db\Driver.class.php 第 113 行.
NOTIC: [8] Undefined offset: 0 E:\Apache24\htdocs\FrameWork\Library\Think\Db\Driver.class.php 第 113 行.
INFO: [ app_end ] --START--
INFO: Run Behavior\ShowPageTraceBehavior [ RunTime:0.000000s ]
INFO: [ app_end ] --END-- [ RunTime:0.000000s ]

[ 2017-02-21T13:50:00+08:00 ] 182.131.11.251 /index.php/Home/Complaints/index
INFO: [ app_init ] --START--
INFO: Run Behavior\BuildLiteBehavior [ RunTime:0.000000s ]
INFO: [ app_init ] --END-- [ RunTime:0.000000s ]
INFO: [ app_begin ] --START--
INFO: Run Behavior\ReadHtmlCacheBehavior [ RunTime:0.000000s ]
INFO: [ app_begin ] --END-- [ RunTime:0.000000s ]
INFO: [ view_parse ] --START--
INFO: Run Behavior\ParseTemplateBehavior [ RunTime:0.015600s ]
INFO: [ view_parse ] --END-- [ RunTime:0.015600s ]
INFO: [ view_filter ] --START--
INFO: Run Behavior\WriteHtmlCacheBehavior [ RunTime:0.000000s ]
INFO: [ view_filter ] --END-- [ RunTime:0.000000s ]
INFO: [ app_end ] --START--
INFO: Run Behavior\ShowPageTraceBehavior [ RunTime:0.000000s ]
INFO: [ app_end ] --END-- [ RunTime:0.000000s ]

[ 2017-02-21T13:50:00+08:00 ] 182.131.11.251 /index.php/Home/Complaints/ComplaintsAction/id/0
INFO: [ app_init ] --START--
INFO: Run Behavior\BuildLiteBehavior [ RunTime:0.000000s ]
INFO: [ app_init ] --END-- [ RunTime:0.000000s ]
INFO: [ app_begin ] --START--
INFO: Run Behavior\ReadHtmlCacheBehavior [ RunTime:0.015600s ]
INFO: [ app_begin ] --END-- [ RunTime:0.015600s ]
NOTIC: [8] Undefined offset: 0 E:\Apache24\htdocs\FrameWork\Library\Think\Db\Driver.class.php 第 113 行.
NOTIC: [8] Undefined offset: 0 E:\Apache24\htdocs\FrameWork\Library\Think\Db\Driver.class.php 第 113 行.
NOTIC: [8] Undefined offset: 0 E:\Apache24\htdocs\FrameWork\Library\Think\Db\Driver.class.php 第 113 行.
NOTIC: [8] Undefined offset: 0 E:\Apache24\htdocs\FrameWork\Library\Think\Db\Driver.class.php 第 113 行.
INFO: [ app_end ] --START--
INFO: Run Behavior\ShowPageTraceBehavior [ RunTime:0.000000s ]
INFO: [ app_end ] --END-- [ RunTime:0.000000s ]

[ 2017-02-21T13:50:09+08:00 ] 101.226.89.120 /index.php/Home/Complaints/index
INFO: [ app_init ] --START--
INFO: Run Behavior\BuildLiteBehavior [ RunTime:0.000000s ]
INFO: [ app_init ] --END-- [ RunTime:0.000000s ]
INFO: [ app_begin ] --START--
INFO: Run Behavior\ReadHtmlCacheBehavior [ RunTime:0.000000s ]
INFO: [ app_begin ] --END-- [ RunTime:0.000000s ]
INFO: [ view_parse ] --START--
NOTIC: [8] Undefined index: user E:\Apache24\htdocs\LinkRenhe\Runtime\Cache\469185dbdd9f9844d132a81bb8f4895cb344f030.file.bottom.html.php 第 51 行.
INFO: Run Behavior\ParseTemplateBehavior [ RunTime:0.015600s ]
INFO: [ view_parse ] --END-- [ RunTime:0.015600s ]
INFO: [ view_filter ] --START--
INFO: Run Behavior\WriteHtmlCacheBehavior [ RunTime:0.000000s ]
INFO: [ view_filter ] --END-- [ RunTime:0.000000s ]
INFO: [ app_end ] --START--
INFO: Run Behavior\ShowPageTraceBehavior [ RunTime:0.000000s ]
INFO: [ app_end ] --END-- [ RunTime:0.000000s ]

[ 2017-02-21T13:50:09+08:00 ] 61.151.218.118 /index.php/Home/Complaints/index
INFO: [ app_init ] --START--
INFO: Run Behavior\BuildLiteBehavior [ RunTime:0.000000s ]
INFO: [ app_init ] --END-- [ RunTime:0.000000s ]
INFO: [ app_begin ] --START--
INFO: Run Behavior\ReadHtmlCacheBehavior [ RunTime:0.000000s ]
INFO: [ app_begin ] --END-- [ RunTime:0.000000s ]
INFO: [ view_parse ] --START--
NOTIC: [8] Undefined index: user E:\Apache24\htdocs\LinkRenhe\Runtime\Cache\469185dbdd9f9844d132a81bb8f4895cb344f030.file.bottom.html.php 第 51 行.
INFO: Run Behavior\ParseTemplateBehavior [ RunTime:0.015600s ]
INFO: [ view_parse ] --END-- [ RunTime:0.015600s ]
INFO: [ view_filter ] --START--
INFO: Run Behavior\WriteHtmlCacheBehavior [ RunTime:0.015600s ]
INFO: [ view_filter ] --END-- [ RunTime:0.015600s ]
INFO: [ app_end ] --START--
INFO: Run Behavior\ShowPageTraceBehavior [ RunTime:0.000000s ]
INFO: [ app_end ] --END-- [ RunTime:0.000000s ]

[ 2017-02-21T13:50:09+08:00 ] 101.226.68.200 /index.php/Home/Complaints/index
INFO: [ app_init ] --START--
INFO: Run Behavior\BuildLiteBehavior [ RunTime:0.000000s ]
INFO: [ app_init ] --END-- [ RunTime:0.000000s ]
INFO: [ app_begin ] --START--
INFO: Run Behavior\ReadHtmlCacheBehavior [ RunTime:0.000000s ]
INFO: [ app_begin ] --END-- [ RunTime:0.000000s ]
INFO: [ view_parse ] --START--
NOTIC: [8] Undefined index: user E:\Apache24\htdocs\LinkRenhe\Runtime\Cache\469185dbdd9f9844d132a81bb8f4895cb344f030.file.bottom.html.php 第 51 行.
INFO: Run Behavior\ParseTemplateBehavior [ RunTime:0.015600s ]
INFO: [ view_parse ] --END-- [ RunTime:0.015600s ]
INFO: [ view_filter ] --START--
INFO: Run Behavior\WriteHtmlCacheBehavior [ RunTime:0.000000s ]
INFO: [ view_filter ] --END-- [ RunTime:0.000000s ]
INFO: [ app_end ] --START--
INFO: Run Behavior\ShowPageTraceBehavior [ RunTime:0.000000s ]
INFO: [ app_end ] --END-- [ RunTime:0.000000s ]

[ 2017-02-21T13:50:16+08:00 ] 101.226.33.218 /index.php/Home/Complaints/index
INFO: [ app_init ] --START--
INFO: Run Behavior\BuildLiteBehavior [ RunTime:0.000000s ]
INFO: [ app_init ] --END-- [ RunTime:0.000000s ]
INFO: [ app_begin ] --START--
INFO: Run Behavior\ReadHtmlCacheBehavior [ RunTime:0.000000s ]
INFO: [ app_begin ] --END-- [ RunTime:0.000000s ]
INFO: [ view_parse ] --START--
NOTIC: [8] Undefined index: user E:\Apache24\htdocs\LinkRenhe\Runtime\Cache\469185dbdd9f9844d132a81bb8f4895cb344f030.file.bottom.html.php 第 51 行.
INFO: Run Behavior\ParseTemplateBehavior [ RunTime:0.015600s ]
INFO: [ view_parse ] --END-- [ RunTime:0.015600s ]
INFO: [ view_filter ] --START--
INFO: Run Behavior\WriteHtmlCacheBehavior [ RunTime:0.000000s ]
INFO: [ view_filter ] --END-- [ RunTime:0.000000s ]
INFO: [ app_end ] --START--
INFO: Run Behavior\ShowPageTraceBehavior [ RunTime:0.000000s ]
INFO: [ app_end ] --END-- [ RunTime:0.000000s ]

[ 2017-02-21T13:50:30+08:00 ] 124.161.23.11 /index.php/Home/Online/OnlineInfoAction
INFO: [ app_init ] --START--
INFO: Run Behavior\BuildLiteBehavior [ RunTime:0.000000s ]
INFO: [ app_init ] --END-- [ RunTime:0.000000s ]
INFO: [ app_begin ] --START--
INFO: Run Behavior\ReadHtmlCacheBehavior [ RunTime:0.000000s ]
INFO: [ app_begin ] --END-- [ RunTime:0.000000s ]
NOTIC: [8] Undefined offset: 0 E:\Apache24\htdocs\FrameWork\Library\Think\Db\Driver.class.php 第 113 行.
NOTIC: [8] Undefined offset: 0 E:\Apache24\htdocs\FrameWork\Library\Think\Db\Driver.class.php 第 113 行.
NOTIC: [8] Undefined offset: 0 E:\Apache24\htdocs\FrameWork\Library\Think\Db\Driver.class.php 第 113 行.
NOTIC: [8] Undefined offset: 0 E:\Apache24\htdocs\FrameWork\Library\Think\Db\Driver.class.php 第 113 行.
INFO: [ app_end ] --START--
INFO: Run Behavior\ShowPageTraceBehavior [ RunTime:0.000000s ]
INFO: [ app_end ] --END-- [ RunTime:0.000000s ]

