[ 2017-02-09T10:06:57+08:00 ] 182.131.10.30 /index.php/Home/Online/index
INFO: [ app_init ] --START--
INFO: Run Behavior\BuildLiteBehavior [ RunTime:0.000000s ]
INFO: [ app_init ] --END-- [ RunTime:0.000000s ]
INFO: [ app_begin ] --START--
INFO: Run Behavior\ReadHtmlCacheBehavior [ RunTime:0.000000s ]
INFO: [ app_begin ] --END-- [ RunTime:0.000000s ]
INFO: [ view_parse ] --START--
NOTIC: [8] Use of undefined constant user - assumed 'user' E:\Apache24\htdocs\LinkRenhe\Runtime\Cache\b215912f43202e70460ee01739cb35ca54cfd4ea.file.index.html.php 第 76 行.
INFO: Run Behavior\ParseTemplateBehavior [ RunTime:0.015600s ]
INFO: [ view_parse ] --END-- [ RunTime:0.015600s ]
INFO: [ view_filter ] --START--
INFO: Run Behavior\WriteHtmlCacheBehavior [ RunTime:0.000000s ]
INFO: [ view_filter ] --END-- [ RunTime:0.000000s ]
INFO: [ app_end ] --START--
INFO: Run Behavior\ShowPageTraceBehavior [ RunTime:0.000000s ]
INFO: [ app_end ] --END-- [ RunTime:0.000000s ]

[ 2017-02-09T10:06:57+08:00 ] 182.131.10.30 /index.php/Home/login/index
INFO: [ app_init ] --START--
INFO: Run Behavior\BuildLiteBehavior [ RunTime:0.000000s ]
INFO: [ app_init ] --END-- [ RunTime:0.000000s ]
INFO: [ app_begin ] --START--
INFO: Run Behavior\ReadHtmlCacheBehavior [ RunTime:0.000000s ]
INFO: [ app_begin ] --END-- [ RunTime:0.000000s ]
INFO: [ view_parse ] --START--
NOTIC: [8] Use of undefined constant user - assumed 'user' E:\Apache24\htdocs\LinkRenhe\Runtime\Cache\7646118ef4904ffc2d8d3827fbc04b028d2e35aa.file.index.html.php 第 74 行.
INFO: Run Behavior\ParseTemplateBehavior [ RunTime:0.015600s ]
INFO: [ view_parse ] --END-- [ RunTime:0.015600s ]
INFO: [ view_filter ] --START--
INFO: Run Behavior\WriteHtmlCacheBehavior [ RunTime:0.000000s ]
INFO: [ view_filter ] --END-- [ RunTime:0.000000s ]
INFO: [ app_end ] --START--
INFO: Run Behavior\ShowPageTraceBehavior [ RunTime:0.000000s ]
INFO: [ app_end ] --END-- [ RunTime:0.000000s ]

[ 2017-02-09T10:07:07+08:00 ] 180.153.214.199 /index.php/Home/Online/index
INFO: [ app_init ] --START--
INFO: Run Behavior\BuildLiteBehavior [ RunTime:0.000000s ]
INFO: [ app_init ] --END-- [ RunTime:0.000000s ]
INFO: [ app_begin ] --START--
INFO: Run Behavior\ReadHtmlCacheBehavior [ RunTime:0.000000s ]
INFO: [ app_begin ] --END-- [ RunTime:0.000000s ]
INFO: [ view_parse ] --START--
NOTIC: [8] Use of undefined constant user - assumed 'user' E:\Apache24\htdocs\LinkRenhe\Runtime\Cache\b215912f43202e70460ee01739cb35ca54cfd4ea.file.index.html.php 第 76 行.
INFO: Run Behavior\ParseTemplateBehavior [ RunTime:0.015600s ]
INFO: [ view_parse ] --END-- [ RunTime:0.015600s ]
INFO: [ view_filter ] --START--
INFO: Run Behavior\WriteHtmlCacheBehavior [ RunTime:0.000000s ]
INFO: [ view_filter ] --END-- [ RunTime:0.000000s ]
INFO: [ app_end ] --START--
INFO: Run Behavior\ShowPageTraceBehavior [ RunTime:0.000000s ]
INFO: [ app_end ] --END-- [ RunTime:0.000000s ]

[ 2017-02-09T10:07:07+08:00 ] 180.153.214.199 /index.php/Home/login/index
INFO: [ app_init ] --START--
INFO: Run Behavior\BuildLiteBehavior [ RunTime:0.000000s ]
INFO: [ app_init ] --END-- [ RunTime:0.000000s ]
INFO: [ app_begin ] --START--
INFO: Run Behavior\ReadHtmlCacheBehavior [ RunTime:0.000000s ]
INFO: [ app_begin ] --END-- [ RunTime:0.000000s ]
INFO: [ view_parse ] --START--
NOTIC: [8] Use of undefined constant user - assumed 'user' E:\Apache24\htdocs\LinkRenhe\Runtime\Cache\7646118ef4904ffc2d8d3827fbc04b028d2e35aa.file.index.html.php 第 74 行.
INFO: Run Behavior\ParseTemplateBehavior [ RunTime:0.015600s ]
INFO: [ view_parse ] --END-- [ RunTime:0.015600s ]
INFO: [ view_filter ] --START--
INFO: Run Behavior\WriteHtmlCacheBehavior [ RunTime:0.000000s ]
INFO: [ view_filter ] --END-- [ RunTime:0.000000s ]
INFO: [ app_end ] --START--
INFO: Run Behavior\ShowPageTraceBehavior [ RunTime:0.000000s ]
INFO: [ app_end ] --END-- [ RunTime:0.000000s ]

[ 2017-02-09T11:44:24+08:00 ] 182.131.10.11 /index.php/Home/Online/index
INFO: [ app_init ] --START--
INFO: Run Behavior\BuildLiteBehavior [ RunTime:0.000000s ]
INFO: [ app_init ] --END-- [ RunTime:0.000000s ]
INFO: [ app_begin ] --START--
INFO: Run Behavior\ReadHtmlCacheBehavior [ RunTime:0.000000s ]
INFO: [ app_begin ] --END-- [ RunTime:0.000000s ]
INFO: [ view_parse ] --START--
NOTIC: [8] Use of undefined constant user - assumed 'user' E:\Apache24\htdocs\LinkRenhe\Runtime\Cache\b215912f43202e70460ee01739cb35ca54cfd4ea.file.index.html.php 第 76 行.
INFO: Run Behavior\ParseTemplateBehavior [ RunTime:0.015600s ]
INFO: [ view_parse ] --END-- [ RunTime:0.015600s ]
INFO: [ view_filter ] --START--
INFO: Run Behavior\WriteHtmlCacheBehavior [ RunTime:0.000000s ]
INFO: [ view_filter ] --END-- [ RunTime:0.000000s ]
INFO: [ app_end ] --START--
INFO: Run Behavior\ShowPageTraceBehavior [ RunTime:0.000000s ]
INFO: [ app_end ] --END-- [ RunTime:0.000000s ]

[ 2017-02-09T11:44:24+08:00 ] 182.131.10.11 /index.php/Home/login/index
INFO: [ app_init ] --START--
INFO: Run Behavior\BuildLiteBehavior [ RunTime:0.000000s ]
INFO: [ app_init ] --END-- [ RunTime:0.015600s ]
INFO: [ app_begin ] --START--
INFO: Run Behavior\ReadHtmlCacheBehavior [ RunTime:0.000000s ]
INFO: [ app_begin ] --END-- [ RunTime:0.000000s ]
INFO: [ view_parse ] --START--
NOTIC: [8] Use of undefined constant user - assumed 'user' E:\Apache24\htdocs\LinkRenhe\Runtime\Cache\7646118ef4904ffc2d8d3827fbc04b028d2e35aa.file.index.html.php 第 74 行.
INFO: Run Behavior\ParseTemplateBehavior [ RunTime:0.015600s ]
INFO: [ view_parse ] --END-- [ RunTime:0.015600s ]
INFO: [ view_filter ] --START--
INFO: Run Behavior\WriteHtmlCacheBehavior [ RunTime:0.000000s ]
INFO: [ view_filter ] --END-- [ RunTime:0.000000s ]
INFO: [ app_end ] --START--
INFO: Run Behavior\ShowPageTraceBehavior [ RunTime:0.000000s ]
INFO: [ app_end ] --END-- [ RunTime:0.000000s ]

[ 2017-02-09T11:44:33+08:00 ] 101.226.89.116 /index.php/Home/login/index
INFO: [ app_init ] --START--
INFO: Run Behavior\BuildLiteBehavior [ RunTime:0.000000s ]
INFO: [ app_init ] --END-- [ RunTime:0.000000s ]
INFO: [ app_begin ] --START--
INFO: Run Behavior\ReadHtmlCacheBehavior [ RunTime:0.000000s ]
INFO: [ app_begin ] --END-- [ RunTime:0.000000s ]
INFO: [ view_parse ] --START--
NOTIC: [8] Use of undefined constant user - assumed 'user' E:\Apache24\htdocs\LinkRenhe\Runtime\Cache\7646118ef4904ffc2d8d3827fbc04b028d2e35aa.file.index.html.php 第 74 行.
INFO: Run Behavior\ParseTemplateBehavior [ RunTime:0.015600s ]
INFO: [ view_parse ] --END-- [ RunTime:0.015600s ]
INFO: [ view_filter ] --START--
INFO: Run Behavior\WriteHtmlCacheBehavior [ RunTime:0.000000s ]
INFO: [ view_filter ] --END-- [ RunTime:0.000000s ]
INFO: [ app_end ] --START--
INFO: Run Behavior\ShowPageTraceBehavior [ RunTime:0.000000s ]
INFO: [ app_end ] --END-- [ RunTime:0.000000s ]

[ 2017-02-09T11:47:18+08:00 ] 60.255.181.15 /index.php/Home/Online/index
INFO: [ app_init ] --START--
INFO: Run Behavior\BuildLiteBehavior [ RunTime:0.000000s ]
INFO: [ app_init ] --END-- [ RunTime:0.000000s ]
INFO: [ app_begin ] --START--
INFO: Run Behavior\ReadHtmlCacheBehavior [ RunTime:0.000000s ]
INFO: [ app_begin ] --END-- [ RunTime:0.000000s ]
INFO: [ view_parse ] --START--
NOTIC: [8] Use of undefined constant user - assumed 'user' E:\Apache24\htdocs\LinkRenhe\Runtime\Cache\b215912f43202e70460ee01739cb35ca54cfd4ea.file.index.html.php 第 76 行.
INFO: Run Behavior\ParseTemplateBehavior [ RunTime:0.015600s ]
INFO: [ view_parse ] --END-- [ RunTime:0.015600s ]
INFO: [ view_filter ] --START--
INFO: Run Behavior\WriteHtmlCacheBehavior [ RunTime:0.000000s ]
INFO: [ view_filter ] --END-- [ RunTime:0.000000s ]
INFO: [ app_end ] --START--
INFO: Run Behavior\ShowPageTraceBehavior [ RunTime:0.015600s ]
INFO: [ app_end ] --END-- [ RunTime:0.015600s ]

[ 2017-02-09T11:47:18+08:00 ] 124.161.23.60 /index.php/Home/login/index
INFO: [ app_init ] --START--
INFO: Run Behavior\BuildLiteBehavior [ RunTime:0.000000s ]
INFO: [ app_init ] --END-- [ RunTime:0.000000s ]
INFO: [ app_begin ] --START--
INFO: Run Behavior\ReadHtmlCacheBehavior [ RunTime:0.000000s ]
INFO: [ app_begin ] --END-- [ RunTime:0.000000s ]
INFO: [ view_parse ] --START--
NOTIC: [8] Use of undefined constant user - assumed 'user' E:\Apache24\htdocs\LinkRenhe\Runtime\Cache\7646118ef4904ffc2d8d3827fbc04b028d2e35aa.file.index.html.php 第 74 行.
INFO: Run Behavior\ParseTemplateBehavior [ RunTime:0.015600s ]
INFO: [ view_parse ] --END-- [ RunTime:0.015600s ]
INFO: [ view_filter ] --START--
INFO: Run Behavior\WriteHtmlCacheBehavior [ RunTime:0.000000s ]
INFO: [ view_filter ] --END-- [ RunTime:0.000000s ]
INFO: [ app_end ] --START--
INFO: Run Behavior\ShowPageTraceBehavior [ RunTime:0.000000s ]
INFO: [ app_end ] --END-- [ RunTime:0.000000s ]

[ 2017-02-09T11:47:28+08:00 ] 124.161.23.60 /index.php/Home/index/index
INFO: [ app_init ] --START--
INFO: Run Behavior\BuildLiteBehavior [ RunTime:0.000000s ]
INFO: [ app_init ] --END-- [ RunTime:0.000000s ]
INFO: [ app_begin ] --START--
INFO: Run Behavior\ReadHtmlCacheBehavior [ RunTime:0.000000s ]
INFO: [ app_begin ] --END-- [ RunTime:0.000000s ]
NOTIC: [8] Undefined offset: 0 E:\Apache24\htdocs\FrameWork\Library\Think\Db\Driver.class.php 第 113 行.
NOTIC: [8] Undefined offset: 0 E:\Apache24\htdocs\FrameWork\Library\Think\Db\Driver.class.php 第 113 行.
NOTIC: [8] Undefined offset: 0 E:\Apache24\htdocs\LinkRenhe\Home\Controller\IndexController.class.php 第 11 行.
INFO: [ view_parse ] --START--
NOTIC: [8] Undefined index: user E:\Apache24\htdocs\LinkRenhe\Runtime\Cache\48d48da4bb6a07165f67242178aca7c3e37abdcc.file.index.html.php 第 107 行.
NOTIC: [8] Undefined index: user E:\Apache24\htdocs\LinkRenhe\Runtime\Cache\48d48da4bb6a07165f67242178aca7c3e37abdcc.file.index.html.php 第 133 行.
NOTIC: [8] Undefined index: user E:\Apache24\htdocs\LinkRenhe\Runtime\Cache\469185dbdd9f9844d132a81bb8f4895cb344f030.file.bottom.html.php 第 51 行.
INFO: Run Behavior\ParseTemplateBehavior [ RunTime:0.015600s ]
INFO: [ view_parse ] --END-- [ RunTime:0.015600s ]
INFO: [ view_filter ] --START--
INFO: Run Behavior\WriteHtmlCacheBehavior [ RunTime:0.000000s ]
INFO: [ view_filter ] --END-- [ RunTime:0.000000s ]
INFO: [ app_end ] --START--
INFO: Run Behavior\ShowPageTraceBehavior [ RunTime:0.000000s ]
INFO: [ app_end ] --END-- [ RunTime:0.000000s ]

[ 2017-02-09T11:47:34+08:00 ] 182.131.12.36 /index.php/Home/news/index
INFO: [ app_init ] --START--
INFO: Run Behavior\BuildLiteBehavior [ RunTime:0.015600s ]
INFO: [ app_init ] --END-- [ RunTime:0.015600s ]
INFO: [ app_begin ] --START--
INFO: Run Behavior\ReadHtmlCacheBehavior [ RunTime:0.000000s ]
INFO: [ app_begin ] --END-- [ RunTime:0.000000s ]
NOTIC: [8] Undefined offset: 0 E:\Apache24\htdocs\FrameWork\Library\Think\Db\Driver.class.php 第 113 行.
NOTIC: [8] Undefined offset: 0 E:\Apache24\htdocs\FrameWork\Library\Think\Db\Driver.class.php 第 113 行.
NOTIC: [8] Undefined offset: 0 E:\Apache24\htdocs\FrameWork\Library\Think\Db\Driver.class.php 第 113 行.
NOTIC: [8] Undefined offset: 0 E:\Apache24\htdocs\FrameWork\Library\Think\Db\Driver.class.php 第 113 行.
INFO: [ view_parse ] --START--
NOTIC: [8] Use of undefined constant user - assumed 'user' E:\Apache24\htdocs\LinkRenhe\Runtime\Cache\8bcdedb6e9bd9a0cbbe5e75681be3d67f63b1509.file.index.html.php 第 84 行.
INFO: Run Behavior\ParseTemplateBehavior [ RunTime:0.015600s ]
INFO: [ view_parse ] --END-- [ RunTime:0.015600s ]
INFO: [ view_filter ] --START--
INFO: Run Behavior\WriteHtmlCacheBehavior [ RunTime:0.000000s ]
INFO: [ view_filter ] --END-- [ RunTime:0.000000s ]
INFO: [ app_end ] --START--
INFO: Run Behavior\ShowPageTraceBehavior [ RunTime:0.000000s ]
INFO: [ app_end ] --END-- [ RunTime:0.000000s ]

[ 2017-02-09T11:47:35+08:00 ] 101.226.33.218 /index.php/Home/index/index
INFO: [ app_init ] --START--
INFO: Run Behavior\BuildLiteBehavior [ RunTime:0.000000s ]
INFO: [ app_init ] --END-- [ RunTime:0.000000s ]
INFO: [ app_begin ] --START--
INFO: Run Behavior\ReadHtmlCacheBehavior [ RunTime:0.000000s ]
INFO: [ app_begin ] --END-- [ RunTime:0.000000s ]
NOTIC: [8] Undefined offset: 0 E:\Apache24\htdocs\FrameWork\Library\Think\Db\Driver.class.php 第 113 行.
NOTIC: [8] Undefined offset: 0 E:\Apache24\htdocs\FrameWork\Library\Think\Db\Driver.class.php 第 113 行.
NOTIC: [8] Undefined offset: 0 E:\Apache24\htdocs\LinkRenhe\Home\Controller\IndexController.class.php 第 11 行.
INFO: [ view_parse ] --START--
NOTIC: [8] Undefined index: user E:\Apache24\htdocs\LinkRenhe\Runtime\Cache\48d48da4bb6a07165f67242178aca7c3e37abdcc.file.index.html.php 第 107 行.
NOTIC: [8] Undefined index: user E:\Apache24\htdocs\LinkRenhe\Runtime\Cache\48d48da4bb6a07165f67242178aca7c3e37abdcc.file.index.html.php 第 133 行.
NOTIC: [8] Undefined index: user E:\Apache24\htdocs\LinkRenhe\Runtime\Cache\469185dbdd9f9844d132a81bb8f4895cb344f030.file.bottom.html.php 第 51 行.
INFO: Run Behavior\ParseTemplateBehavior [ RunTime:0.015600s ]
INFO: [ view_parse ] --END-- [ RunTime:0.015600s ]
INFO: [ view_filter ] --START--
INFO: Run Behavior\WriteHtmlCacheBehavior [ RunTime:0.000000s ]
INFO: [ view_filter ] --END-- [ RunTime:0.000000s ]
INFO: [ app_end ] --START--
INFO: Run Behavior\ShowPageTraceBehavior [ RunTime:0.000000s ]
INFO: [ app_end ] --END-- [ RunTime:0.000000s ]

[ 2017-02-09T11:47:36+08:00 ] 124.161.23.60 /index.php/Home/news/newsNameList
INFO: [ app_init ] --START--
INFO: Run Behavior\BuildLiteBehavior [ RunTime:0.000000s ]
INFO: [ app_init ] --END-- [ RunTime:0.000000s ]
INFO: [ app_begin ] --START--
INFO: Run Behavior\ReadHtmlCacheBehavior [ RunTime:0.000000s ]
INFO: [ app_begin ] --END-- [ RunTime:0.000000s ]
NOTIC: [8] Undefined offset: 0 E:\Apache24\htdocs\FrameWork\Library\Think\Db\Driver.class.php 第 113 行.
NOTIC: [8] Undefined offset: 0 E:\Apache24\htdocs\FrameWork\Library\Think\Db\Driver.class.php 第 113 行.
NOTIC: [8] Undefined offset: 0 E:\Apache24\htdocs\FrameWork\Library\Think\Db\Driver.class.php 第 113 行.
NOTIC: [8] Undefined offset: 0 E:\Apache24\htdocs\FrameWork\Library\Think\Db\Driver.class.php 第 113 行.
INFO: [ app_end ] --START--
INFO: Run Behavior\ShowPageTraceBehavior [ RunTime:0.000000s ]
INFO: [ app_end ] --END-- [ RunTime:0.000000s ]

[ 2017-02-09T11:47:43+08:00 ] 124.161.23.60 /index.php/Home/index/index
INFO: [ app_init ] --START--
INFO: Run Behavior\BuildLiteBehavior [ RunTime:0.000000s ]
INFO: [ app_init ] --END-- [ RunTime:0.000000s ]
INFO: [ app_begin ] --START--
INFO: Run Behavior\ReadHtmlCacheBehavior [ RunTime:0.000000s ]
INFO: [ app_begin ] --END-- [ RunTime:0.000000s ]
NOTIC: [8] Undefined offset: 0 E:\Apache24\htdocs\FrameWork\Library\Think\Db\Driver.class.php 第 113 行.
NOTIC: [8] Undefined offset: 0 E:\Apache24\htdocs\FrameWork\Library\Think\Db\Driver.class.php 第 113 行.
NOTIC: [8] Undefined offset: 0 E:\Apache24\htdocs\LinkRenhe\Home\Controller\IndexController.class.php 第 11 行.
INFO: [ view_parse ] --START--
NOTIC: [8] Undefined index: user E:\Apache24\htdocs\LinkRenhe\Runtime\Cache\48d48da4bb6a07165f67242178aca7c3e37abdcc.file.index.html.php 第 107 行.
NOTIC: [8] Undefined index: user E:\Apache24\htdocs\LinkRenhe\Runtime\Cache\48d48da4bb6a07165f67242178aca7c3e37abdcc.file.index.html.php 第 133 行.
NOTIC: [8] Undefined index: user E:\Apache24\htdocs\LinkRenhe\Runtime\Cache\469185dbdd9f9844d132a81bb8f4895cb344f030.file.bottom.html.php 第 51 行.
INFO: Run Behavior\ParseTemplateBehavior [ RunTime:0.015600s ]
INFO: [ view_parse ] --END-- [ RunTime:0.015600s ]
INFO: [ view_filter ] --START--
INFO: Run Behavior\WriteHtmlCacheBehavior [ RunTime:0.000000s ]
INFO: [ view_filter ] --END-- [ RunTime:0.000000s ]
INFO: [ app_end ] --START--
INFO: Run Behavior\ShowPageTraceBehavior [ RunTime:0.000000s ]
INFO: [ app_end ] --END-- [ RunTime:0.000000s ]

[ 2017-02-09T11:47:54+08:00 ] 101.226.33.202 /index.php/Home/news/index
INFO: [ app_init ] --START--
INFO: Run Behavior\BuildLiteBehavior [ RunTime:0.000000s ]
INFO: [ app_init ] --END-- [ RunTime:0.000000s ]
INFO: [ app_begin ] --START--
INFO: Run Behavior\ReadHtmlCacheBehavior [ RunTime:0.000000s ]
INFO: [ app_begin ] --END-- [ RunTime:0.000000s ]
NOTIC: [8] Undefined offset: 0 E:\Apache24\htdocs\FrameWork\Library\Think\Db\Driver.class.php 第 113 行.
NOTIC: [8] Undefined offset: 0 E:\Apache24\htdocs\FrameWork\Library\Think\Db\Driver.class.php 第 113 行.
NOTIC: [8] Undefined offset: 0 E:\Apache24\htdocs\FrameWork\Library\Think\Db\Driver.class.php 第 113 行.
NOTIC: [8] Undefined offset: 0 E:\Apache24\htdocs\FrameWork\Library\Think\Db\Driver.class.php 第 113 行.
INFO: [ view_parse ] --START--
NOTIC: [8] Use of undefined constant user - assumed 'user' E:\Apache24\htdocs\LinkRenhe\Runtime\Cache\8bcdedb6e9bd9a0cbbe5e75681be3d67f63b1509.file.index.html.php 第 84 行.
INFO: Run Behavior\ParseTemplateBehavior [ RunTime:0.015600s ]
INFO: [ view_parse ] --END-- [ RunTime:0.015600s ]
INFO: [ view_filter ] --START--
INFO: Run Behavior\WriteHtmlCacheBehavior [ RunTime:0.000000s ]
INFO: [ view_filter ] --END-- [ RunTime:0.000000s ]
INFO: [ app_end ] --START--
INFO: Run Behavior\ShowPageTraceBehavior [ RunTime:0.000000s ]
INFO: [ app_end ] --END-- [ RunTime:0.000000s ]

[ 2017-02-09T11:48:00+08:00 ] 101.226.99.196 /index.php/Home/index/index
INFO: [ app_init ] --START--
INFO: Run Behavior\BuildLiteBehavior [ RunTime:0.000000s ]
INFO: [ app_init ] --END-- [ RunTime:0.000000s ]
INFO: [ app_begin ] --START--
INFO: Run Behavior\ReadHtmlCacheBehavior [ RunTime:0.000000s ]
INFO: [ app_begin ] --END-- [ RunTime:0.000000s ]
NOTIC: [8] Undefined offset: 0 E:\Apache24\htdocs\FrameWork\Library\Think\Db\Driver.class.php 第 113 行.
NOTIC: [8] Undefined offset: 0 E:\Apache24\htdocs\FrameWork\Library\Think\Db\Driver.class.php 第 113 行.
NOTIC: [8] Undefined offset: 0 E:\Apache24\htdocs\LinkRenhe\Home\Controller\IndexController.class.php 第 11 行.
INFO: [ view_parse ] --START--
NOTIC: [8] Undefined index: user E:\Apache24\htdocs\LinkRenhe\Runtime\Cache\48d48da4bb6a07165f67242178aca7c3e37abdcc.file.index.html.php 第 107 行.
NOTIC: [8] Undefined index: user E:\Apache24\htdocs\LinkRenhe\Runtime\Cache\48d48da4bb6a07165f67242178aca7c3e37abdcc.file.index.html.php 第 133 行.
NOTIC: [8] Undefined index: user E:\Apache24\htdocs\LinkRenhe\Runtime\Cache\469185dbdd9f9844d132a81bb8f4895cb344f030.file.bottom.html.php 第 51 行.
INFO: Run Behavior\ParseTemplateBehavior [ RunTime:0.015600s ]
INFO: [ view_parse ] --END-- [ RunTime:0.015600s ]
INFO: [ view_filter ] --START--
INFO: Run Behavior\WriteHtmlCacheBehavior [ RunTime:0.000000s ]
INFO: [ view_filter ] --END-- [ RunTime:0.000000s ]
INFO: [ app_end ] --START--
INFO: Run Behavior\ShowPageTraceBehavior [ RunTime:0.000000s ]
INFO: [ app_end ] --END-- [ RunTime:0.000000s ]

[ 2017-02-09T11:48:02+08:00 ] 182.131.12.36 /index.php/Home/wxcode/wxjamp
INFO: [ app_init ] --START--
INFO: Run Behavior\BuildLiteBehavior [ RunTime:0.000000s ]
INFO: [ app_init ] --END-- [ RunTime:0.000000s ]
INFO: [ app_begin ] --START--
INFO: Run Behavior\ReadHtmlCacheBehavior [ RunTime:0.000000s ]
INFO: [ app_begin ] --END-- [ RunTime:0.000000s ]
INFO: [ view_parse ] --START--
INFO: Run Behavior\ParseTemplateBehavior [ RunTime:0.015600s ]
INFO: [ view_parse ] --END-- [ RunTime:0.015600s ]
INFO: [ view_filter ] --START--
INFO: Run Behavior\WriteHtmlCacheBehavior [ RunTime:0.000000s ]
INFO: [ view_filter ] --END-- [ RunTime:0.000000s ]
INFO: [ app_end ] --START--
INFO: Run Behavior\ShowPageTraceBehavior [ RunTime:0.000000s ]
INFO: [ app_end ] --END-- [ RunTime:0.000000s ]

[ 2017-02-09T11:48:02+08:00 ] 124.161.23.60 /index.php/Home/login/index
INFO: [ app_init ] --START--
INFO: Run Behavior\BuildLiteBehavior [ RunTime:0.000000s ]
INFO: [ app_init ] --END-- [ RunTime:0.000000s ]
INFO: [ app_begin ] --START--
INFO: Run Behavior\ReadHtmlCacheBehavior [ RunTime:0.000000s ]
INFO: [ app_begin ] --END-- [ RunTime:0.000000s ]
INFO: [ view_parse ] --START--
NOTIC: [8] Use of undefined constant user - assumed 'user' E:\Apache24\htdocs\LinkRenhe\Runtime\Cache\7646118ef4904ffc2d8d3827fbc04b028d2e35aa.file.index.html.php 第 74 行.
INFO: Run Behavior\ParseTemplateBehavior [ RunTime:0.015600s ]
INFO: [ view_parse ] --END-- [ RunTime:0.015600s ]
INFO: [ view_filter ] --START--
INFO: Run Behavior\WriteHtmlCacheBehavior [ RunTime:0.000000s ]
INFO: [ view_filter ] --END-- [ RunTime:0.000000s ]
INFO: [ app_end ] --START--
INFO: Run Behavior\ShowPageTraceBehavior [ RunTime:0.000000s ]
INFO: [ app_end ] --END-- [ RunTime:0.000000s ]

[ 2017-02-09T11:48:07+08:00 ] 124.161.23.60 /index.php/Home/index/index
INFO: [ app_init ] --START--
INFO: Run Behavior\BuildLiteBehavior [ RunTime:0.000000s ]
INFO: [ app_init ] --END-- [ RunTime:0.000000s ]
INFO: [ app_begin ] --START--
INFO: Run Behavior\ReadHtmlCacheBehavior [ RunTime:0.000000s ]
INFO: [ app_begin ] --END-- [ RunTime:0.000000s ]
NOTIC: [8] Undefined offset: 0 E:\Apache24\htdocs\FrameWork\Library\Think\Db\Driver.class.php 第 113 行.
NOTIC: [8] Undefined offset: 0 E:\Apache24\htdocs\FrameWork\Library\Think\Db\Driver.class.php 第 113 行.
NOTIC: [8] Undefined offset: 0 E:\Apache24\htdocs\LinkRenhe\Home\Controller\IndexController.class.php 第 11 行.
INFO: [ view_parse ] --START--
NOTIC: [8] Undefined index: user E:\Apache24\htdocs\LinkRenhe\Runtime\Cache\48d48da4bb6a07165f67242178aca7c3e37abdcc.file.index.html.php 第 107 行.
NOTIC: [8] Undefined index: user E:\Apache24\htdocs\LinkRenhe\Runtime\Cache\48d48da4bb6a07165f67242178aca7c3e37abdcc.file.index.html.php 第 133 行.
NOTIC: [8] Undefined index: user E:\Apache24\htdocs\LinkRenhe\Runtime\Cache\469185dbdd9f9844d132a81bb8f4895cb344f030.file.bottom.html.php 第 51 行.
INFO: Run Behavior\ParseTemplateBehavior [ RunTime:0.015600s ]
INFO: [ view_parse ] --END-- [ RunTime:0.015600s ]
INFO: [ view_filter ] --START--
INFO: Run Behavior\WriteHtmlCacheBehavior [ RunTime:0.000000s ]
INFO: [ view_filter ] --END-- [ RunTime:0.000000s ]
INFO: [ app_end ] --START--
INFO: Run Behavior\ShowPageTraceBehavior [ RunTime:0.000000s ]
INFO: [ app_end ] --END-- [ RunTime:0.000000s ]

[ 2017-02-09T11:48:15+08:00 ] 124.161.23.60 /index.php/Home/myinfo/index
INFO: [ app_init ] --START--
INFO: Run Behavior\BuildLiteBehavior [ RunTime:0.000000s ]
INFO: [ app_init ] --END-- [ RunTime:0.000000s ]
INFO: [ app_begin ] --START--
INFO: Run Behavior\ReadHtmlCacheBehavior [ RunTime:0.000000s ]
INFO: [ app_begin ] --END-- [ RunTime:0.000000s ]
INFO: [ view_parse ] --START--
NOTIC: [8] Undefined index: user E:\Apache24\htdocs\LinkRenhe\Runtime\Cache\02226ad7dc5e3a0e95a6d42b54ce286afdccd7f8.file.index.html.php 第 74 行.
NOTIC: [8] Undefined index: user E:\Apache24\htdocs\LinkRenhe\Runtime\Cache\02226ad7dc5e3a0e95a6d42b54ce286afdccd7f8.file.index.html.php 第 75 行.
NOTIC: [8] Undefined index: user E:\Apache24\htdocs\LinkRenhe\Runtime\Cache\02226ad7dc5e3a0e95a6d42b54ce286afdccd7f8.file.index.html.php 第 78 行.
NOTIC: [8] Undefined index: user E:\Apache24\htdocs\LinkRenhe\Runtime\Cache\469185dbdd9f9844d132a81bb8f4895cb344f030.file.bottom.html.php 第 51 行.
INFO: Run Behavior\ParseTemplateBehavior [ RunTime:0.015600s ]
INFO: [ view_parse ] --END-- [ RunTime:0.015600s ]
INFO: [ view_filter ] --START--
INFO: Run Behavior\WriteHtmlCacheBehavior [ RunTime:0.000000s ]
INFO: [ view_filter ] --END-- [ RunTime:0.000000s ]
INFO: [ app_end ] --START--
INFO: Run Behavior\ShowPageTraceBehavior [ RunTime:0.000000s ]
INFO: [ app_end ] --END-- [ RunTime:0.000000s ]

[ 2017-02-09T11:48:15+08:00 ] 124.161.23.60 /index.php/Home/myinfo/wdInfowdAction
INFO: [ app_init ] --START--
INFO: Run Behavior\BuildLiteBehavior [ RunTime:0.000000s ]
INFO: [ app_init ] --END-- [ RunTime:0.000000s ]
INFO: [ app_begin ] --START--
INFO: Run Behavior\ReadHtmlCacheBehavior [ RunTime:0.000000s ]
INFO: [ app_begin ] --END-- [ RunTime:0.000000s ]
NOTIC: [8] Undefined offset: 0 E:\Apache24\htdocs\FrameWork\Library\Think\Db\Driver.class.php 第 113 行.
NOTIC: [8] Undefined offset: 0 E:\Apache24\htdocs\FrameWork\Library\Think\Db\Driver.class.php 第 113 行.
NOTIC: [8] Undefined offset: 0 E:\Apache24\htdocs\FrameWork\Library\Think\Db\Driver.class.php 第 113 行.
NOTIC: [8] Undefined offset: 0 E:\Apache24\htdocs\FrameWork\Library\Think\Db\Driver.class.php 第 113 行.
INFO: [ app_end ] --START--
INFO: Run Behavior\ShowPageTraceBehavior [ RunTime:0.000000s ]
INFO: [ app_end ] --END-- [ RunTime:0.000000s ]

[ 2017-02-09T11:48:19+08:00 ] 182.131.12.36 /index.php/Home/index/index
INFO: [ app_init ] --START--
INFO: Run Behavior\BuildLiteBehavior [ RunTime:0.000000s ]
INFO: [ app_init ] --END-- [ RunTime:0.000000s ]
INFO: [ app_begin ] --START--
INFO: Run Behavior\ReadHtmlCacheBehavior [ RunTime:0.000000s ]
INFO: [ app_begin ] --END-- [ RunTime:0.000000s ]
NOTIC: [8] Undefined offset: 0 E:\Apache24\htdocs\FrameWork\Library\Think\Db\Driver.class.php 第 113 行.
NOTIC: [8] Undefined offset: 0 E:\Apache24\htdocs\FrameWork\Library\Think\Db\Driver.class.php 第 113 行.
NOTIC: [8] Undefined offset: 0 E:\Apache24\htdocs\LinkRenhe\Home\Controller\IndexController.class.php 第 11 行.
INFO: [ view_parse ] --START--
NOTIC: [8] Undefined index: user E:\Apache24\htdocs\LinkRenhe\Runtime\Cache\48d48da4bb6a07165f67242178aca7c3e37abdcc.file.index.html.php 第 107 行.
NOTIC: [8] Undefined index: user E:\Apache24\htdocs\LinkRenhe\Runtime\Cache\48d48da4bb6a07165f67242178aca7c3e37abdcc.file.index.html.php 第 133 行.
NOTIC: [8] Undefined index: user E:\Apache24\htdocs\LinkRenhe\Runtime\Cache\469185dbdd9f9844d132a81bb8f4895cb344f030.file.bottom.html.php 第 51 行.
INFO: Run Behavior\ParseTemplateBehavior [ RunTime:0.015600s ]
INFO: [ view_parse ] --END-- [ RunTime:0.015600s ]
INFO: [ view_filter ] --START--
INFO: Run Behavior\WriteHtmlCacheBehavior [ RunTime:0.000000s ]
INFO: [ view_filter ] --END-- [ RunTime:0.000000s ]
INFO: [ app_end ] --START--
INFO: Run Behavior\ShowPageTraceBehavior [ RunTime:0.000000s ]
INFO: [ app_end ] --END-- [ RunTime:0.000000s ]

[ 2017-02-09T11:48:25+08:00 ] 124.161.23.60 /index.php/Home/myinfo/wdInfowdAction
INFO: [ app_init ] --START--
INFO: Run Behavior\BuildLiteBehavior [ RunTime:0.000000s ]
INFO: [ app_init ] --END-- [ RunTime:0.000000s ]
INFO: [ app_begin ] --START--
INFO: Run Behavior\ReadHtmlCacheBehavior [ RunTime:0.015600s ]
INFO: [ app_begin ] --END-- [ RunTime:0.015600s ]
NOTIC: [8] Undefined offset: 0 E:\Apache24\htdocs\FrameWork\Library\Think\Db\Driver.class.php 第 113 行.
NOTIC: [8] Undefined offset: 0 E:\Apache24\htdocs\FrameWork\Library\Think\Db\Driver.class.php 第 113 行.
NOTIC: [8] Undefined offset: 0 E:\Apache24\htdocs\FrameWork\Library\Think\Db\Driver.class.php 第 113 行.
NOTIC: [8] Undefined offset: 0 E:\Apache24\htdocs\FrameWork\Library\Think\Db\Driver.class.php 第 113 行.
INFO: [ app_end ] --START--
INFO: Run Behavior\ShowPageTraceBehavior [ RunTime:0.000000s ]
INFO: [ app_end ] --END-- [ RunTime:0.000000s ]

[ 2017-02-09T11:48:33+08:00 ] 101.226.51.229 /index.php/Home/myinfo/index
INFO: [ app_init ] --START--
INFO: Run Behavior\BuildLiteBehavior [ RunTime:0.000000s ]
INFO: [ app_init ] --END-- [ RunTime:0.000000s ]
INFO: [ app_begin ] --START--
INFO: Run Behavior\ReadHtmlCacheBehavior [ RunTime:0.000000s ]
INFO: [ app_begin ] --END-- [ RunTime:0.000000s ]
INFO: [ view_parse ] --START--
NOTIC: [8] Undefined index: user E:\Apache24\htdocs\LinkRenhe\Runtime\Cache\02226ad7dc5e3a0e95a6d42b54ce286afdccd7f8.file.index.html.php 第 74 行.
NOTIC: [8] Undefined index: user E:\Apache24\htdocs\LinkRenhe\Runtime\Cache\02226ad7dc5e3a0e95a6d42b54ce286afdccd7f8.file.index.html.php 第 75 行.
NOTIC: [8] Undefined index: user E:\Apache24\htdocs\LinkRenhe\Runtime\Cache\02226ad7dc5e3a0e95a6d42b54ce286afdccd7f8.file.index.html.php 第 78 行.
NOTIC: [8] Undefined index: user E:\Apache24\htdocs\LinkRenhe\Runtime\Cache\469185dbdd9f9844d132a81bb8f4895cb344f030.file.bottom.html.php 第 51 行.
INFO: Run Behavior\ParseTemplateBehavior [ RunTime:0.015600s ]
INFO: [ view_parse ] --END-- [ RunTime:0.015600s ]
INFO: [ view_filter ] --START--
INFO: Run Behavior\WriteHtmlCacheBehavior [ RunTime:0.000000s ]
INFO: [ view_filter ] --END-- [ RunTime:0.000000s ]
INFO: [ app_end ] --START--
INFO: Run Behavior\ShowPageTraceBehavior [ RunTime:0.015600s ]
INFO: [ app_end ] --END-- [ RunTime:0.015600s ]

[ 2017-02-09T11:51:14+08:00 ] 119.147.146.73 /index.php/Home/login/index
INFO: [ app_init ] --START--
INFO: Run Behavior\BuildLiteBehavior [ RunTime:0.000000s ]
INFO: [ app_init ] --END-- [ RunTime:0.000000s ]
INFO: [ app_begin ] --START--
INFO: Run Behavior\ReadHtmlCacheBehavior [ RunTime:0.000000s ]
INFO: [ app_begin ] --END-- [ RunTime:0.000000s ]
INFO: [ view_parse ] --START--
NOTIC: [8] Use of undefined constant user - assumed 'user' E:\Apache24\htdocs\LinkRenhe\Runtime\Cache\7646118ef4904ffc2d8d3827fbc04b028d2e35aa.file.index.html.php 第 74 行.
INFO: Run Behavior\ParseTemplateBehavior [ RunTime:0.015600s ]
INFO: [ view_parse ] --END-- [ RunTime:0.015600s ]
INFO: [ view_filter ] --START--
INFO: Run Behavior\WriteHtmlCacheBehavior [ RunTime:0.000000s ]
INFO: [ view_filter ] --END-- [ RunTime:0.000000s ]
INFO: [ app_end ] --START--
INFO: Run Behavior\ShowPageTraceBehavior [ RunTime:0.000000s ]
INFO: [ app_end ] --END-- [ RunTime:0.000000s ]

[ 2017-02-09T14:38:41+08:00 ] 182.150.59.18 /
INFO: [ app_init ] --START--
INFO: Run Behavior\BuildLiteBehavior [ RunTime:0.000000s ]
INFO: [ app_init ] --END-- [ RunTime:0.000000s ]
INFO: [ app_begin ] --START--
INFO: Run Behavior\ReadHtmlCacheBehavior [ RunTime:0.000000s ]
INFO: [ app_begin ] --END-- [ RunTime:0.000000s ]
NOTIC: [8] Undefined offset: 0 E:\Apache24\htdocs\FrameWork\Library\Think\Db\Driver.class.php 第 113 行.
NOTIC: [8] Undefined offset: 0 E:\Apache24\htdocs\FrameWork\Library\Think\Db\Driver.class.php 第 113 行.
NOTIC: [8] Undefined offset: 0 E:\Apache24\htdocs\LinkRenhe\Home\Controller\IndexController.class.php 第 11 行.
INFO: [ view_parse ] --START--
NOTIC: [8] Undefined index: user E:\Apache24\htdocs\LinkRenhe\Runtime\Cache\48d48da4bb6a07165f67242178aca7c3e37abdcc.file.index.html.php 第 107 行.
NOTIC: [8] Undefined index: user E:\Apache24\htdocs\LinkRenhe\Runtime\Cache\48d48da4bb6a07165f67242178aca7c3e37abdcc.file.index.html.php 第 133 行.
NOTIC: [8] Undefined index: user E:\Apache24\htdocs\LinkRenhe\Runtime\Cache\469185dbdd9f9844d132a81bb8f4895cb344f030.file.bottom.html.php 第 51 行.
INFO: Run Behavior\ParseTemplateBehavior [ RunTime:0.015600s ]
INFO: [ view_parse ] --END-- [ RunTime:0.015600s ]
INFO: [ view_filter ] --START--
INFO: Run Behavior\WriteHtmlCacheBehavior [ RunTime:0.000000s ]
INFO: [ view_filter ] --END-- [ RunTime:0.000000s ]
INFO: [ app_end ] --START--
INFO: Run Behavior\ShowPageTraceBehavior [ RunTime:0.000000s ]
INFO: [ app_end ] --END-- [ RunTime:0.000000s ]

[ 2017-02-09T16:59:36+08:00 ] 182.131.10.30 /index.php/Home/index/index
INFO: [ app_init ] --START--
INFO: Run Behavior\BuildLiteBehavior [ RunTime:0.000000s ]
INFO: [ app_init ] --END-- [ RunTime:0.000000s ]
INFO: [ app_begin ] --START--
INFO: Run Behavior\ReadHtmlCacheBehavior [ RunTime:0.000000s ]
INFO: [ app_begin ] --END-- [ RunTime:0.000000s ]
NOTIC: [8] Undefined offset: 0 E:\Apache24\htdocs\FrameWork\Library\Think\Db\Driver.class.php 第 113 行.
NOTIC: [8] Undefined offset: 0 E:\Apache24\htdocs\FrameWork\Library\Think\Db\Driver.class.php 第 113 行.
NOTIC: [8] Undefined offset: 0 E:\Apache24\htdocs\LinkRenhe\Home\Controller\IndexController.class.php 第 11 行.
INFO: [ view_parse ] --START--
NOTIC: [8] Undefined index: user E:\Apache24\htdocs\LinkRenhe\Runtime\Cache\48d48da4bb6a07165f67242178aca7c3e37abdcc.file.index.html.php 第 107 行.
NOTIC: [8] Undefined index: user E:\Apache24\htdocs\LinkRenhe\Runtime\Cache\48d48da4bb6a07165f67242178aca7c3e37abdcc.file.index.html.php 第 133 行.
NOTIC: [8] Undefined index: user E:\Apache24\htdocs\LinkRenhe\Runtime\Cache\469185dbdd9f9844d132a81bb8f4895cb344f030.file.bottom.html.php 第 51 行.
INFO: Run Behavior\ParseTemplateBehavior [ RunTime:0.015600s ]
INFO: [ view_parse ] --END-- [ RunTime:0.015600s ]
INFO: [ view_filter ] --START--
INFO: Run Behavior\WriteHtmlCacheBehavior [ RunTime:0.000000s ]
INFO: [ view_filter ] --END-- [ RunTime:0.000000s ]
INFO: [ app_end ] --START--
INFO: Run Behavior\ShowPageTraceBehavior [ RunTime:0.015600s ]
INFO: [ app_end ] --END-- [ RunTime:0.015600s ]

[ 2017-02-09T16:59:55+08:00 ] 182.131.10.30 /index.php/Home/Online/index
INFO: [ app_init ] --START--
INFO: Run Behavior\BuildLiteBehavior [ RunTime:0.000000s ]
INFO: [ app_init ] --END-- [ RunTime:0.000000s ]
INFO: [ app_begin ] --START--
INFO: Run Behavior\ReadHtmlCacheBehavior [ RunTime:0.000000s ]
INFO: [ app_begin ] --END-- [ RunTime:0.000000s ]
INFO: [ view_parse ] --START--
NOTIC: [8] Use of undefined constant user - assumed 'user' E:\Apache24\htdocs\LinkRenhe\Runtime\Cache\b215912f43202e70460ee01739cb35ca54cfd4ea.file.index.html.php 第 76 行.
INFO: Run Behavior\ParseTemplateBehavior [ RunTime:0.015600s ]
INFO: [ view_parse ] --END-- [ RunTime:0.015600s ]
INFO: [ view_filter ] --START--
INFO: Run Behavior\WriteHtmlCacheBehavior [ RunTime:0.000000s ]
INFO: [ view_filter ] --END-- [ RunTime:0.000000s ]
INFO: [ app_end ] --START--
INFO: Run Behavior\ShowPageTraceBehavior [ RunTime:0.000000s ]
INFO: [ app_end ] --END-- [ RunTime:0.000000s ]

[ 2017-02-09T16:59:55+08:00 ] 182.131.10.30 /index.php/Home/login/index
INFO: [ app_init ] --START--
INFO: Run Behavior\BuildLiteBehavior [ RunTime:0.000000s ]
INFO: [ app_init ] --END-- [ RunTime:0.000000s ]
INFO: [ app_begin ] --START--
INFO: Run Behavior\ReadHtmlCacheBehavior [ RunTime:0.000000s ]
INFO: [ app_begin ] --END-- [ RunTime:0.000000s ]
INFO: [ view_parse ] --START--
NOTIC: [8] Use of undefined constant user - assumed 'user' E:\Apache24\htdocs\LinkRenhe\Runtime\Cache\7646118ef4904ffc2d8d3827fbc04b028d2e35aa.file.index.html.php 第 74 行.
INFO: Run Behavior\ParseTemplateBehavior [ RunTime:0.015600s ]
INFO: [ view_parse ] --END-- [ RunTime:0.015600s ]
INFO: [ view_filter ] --START--
INFO: Run Behavior\WriteHtmlCacheBehavior [ RunTime:0.000000s ]
INFO: [ view_filter ] --END-- [ RunTime:0.000000s ]
INFO: [ app_end ] --START--
INFO: Run Behavior\ShowPageTraceBehavior [ RunTime:0.000000s ]
INFO: [ app_end ] --END-- [ RunTime:0.000000s ]

