[ 2017-01-12T10:39:05+08:00 ] 127.0.0.1 /index.php/Home/index/index.html
INFO: [ app_init ] --START--
INFO: Run Behavior\BuildLiteBehavior [ RunTime:0.000000s ]
INFO: [ app_init ] --END-- [ RunTime:0.001000s ]
INFO: [ app_begin ] --START--
INFO: Run Behavior\ReadHtmlCacheBehavior [ RunTime:0.001000s ]
INFO: [ app_begin ] --END-- [ RunTime:0.002000s ]
NOTIC: [8] Undefined offset: 0 D:\WWW\LinkRenhe\FrameWork\Library\Think\Db\Driver.class.php 第 113 行.
NOTIC: [8] Undefined offset: 0 D:\WWW\LinkRenhe\FrameWork\Library\Think\Db\Driver.class.php 第 113 行.
INFO: [ view_parse ] --START--
NOTIC: [8] Undefined index: user D:\WWW\LinkRenhe\LinkRenhe\Runtime\Cache\48d48da4bb6a07165f67242178aca7c3e37abdcc.file.index.html.php 第 107 行.
NOTIC: [8] Undefined index: user D:\WWW\LinkRenhe\LinkRenhe\Runtime\Cache\48d48da4bb6a07165f67242178aca7c3e37abdcc.file.index.html.php 第 132 行.
NOTIC: [8] Undefined index: user D:\WWW\LinkRenhe\LinkRenhe\Runtime\Cache\d2bc4447d1935e1c6f5c15fc52aeb1059e418794.file.bottom.html.php 第 51 行.
INFO: Run Behavior\ParseTemplateBehavior [ RunTime:0.040003s ]
INFO: [ view_parse ] --END-- [ RunTime:0.040003s ]
INFO: [ view_filter ] --START--
INFO: Run Behavior\WriteHtmlCacheBehavior [ RunTime:0.001000s ]
INFO: [ view_filter ] --END-- [ RunTime:0.001000s ]
INFO: [ app_end ] --START--
INFO: Run Behavior\ShowPageTraceBehavior [ RunTime:0.001000s ]
INFO: [ app_end ] --END-- [ RunTime:0.001000s ]

[ 2017-01-12T10:39:05+08:00 ] 127.0.0.1 /index.php/Home/index/index.html
INFO: [ app_init ] --START--
INFO: Run Behavior\BuildLiteBehavior [ RunTime:0.000000s ]
INFO: [ app_init ] --END-- [ RunTime:0.001000s ]
INFO: [ app_begin ] --START--
INFO: Run Behavior\ReadHtmlCacheBehavior [ RunTime:0.002001s ]
INFO: [ app_begin ] --END-- [ RunTime:0.002001s ]
NOTIC: [8] Undefined offset: 0 D:\WWW\LinkRenhe\FrameWork\Library\Think\Db\Driver.class.php 第 113 行.
NOTIC: [8] Undefined offset: 0 D:\WWW\LinkRenhe\FrameWork\Library\Think\Db\Driver.class.php 第 113 行.
INFO: [ view_parse ] --START--
NOTIC: [8] Undefined index: user D:\WWW\LinkRenhe\LinkRenhe\Runtime\Cache\48d48da4bb6a07165f67242178aca7c3e37abdcc.file.index.html.php 第 107 行.
NOTIC: [8] Undefined index: user D:\WWW\LinkRenhe\LinkRenhe\Runtime\Cache\48d48da4bb6a07165f67242178aca7c3e37abdcc.file.index.html.php 第 132 行.
NOTIC: [8] Undefined index: user D:\WWW\LinkRenhe\LinkRenhe\Runtime\Cache\d2bc4447d1935e1c6f5c15fc52aeb1059e418794.file.bottom.html.php 第 51 行.
INFO: Run Behavior\ParseTemplateBehavior [ RunTime:0.041003s ]
INFO: [ view_parse ] --END-- [ RunTime:0.042003s ]
INFO: [ view_filter ] --START--
INFO: Run Behavior\WriteHtmlCacheBehavior [ RunTime:0.000000s ]
INFO: [ view_filter ] --END-- [ RunTime:0.000000s ]
INFO: [ app_end ] --START--
INFO: Run Behavior\ShowPageTraceBehavior [ RunTime:0.001000s ]
INFO: [ app_end ] --END-- [ RunTime:0.001000s ]

[ 2017-01-12T10:40:24+08:00 ] 127.0.0.1 /index.php/Home/index/index.html
INFO: [ app_init ] --START--
INFO: Run Behavior\BuildLiteBehavior [ RunTime:0.000000s ]
INFO: [ app_init ] --END-- [ RunTime:0.002000s ]
INFO: [ app_begin ] --START--
INFO: Run Behavior\ReadHtmlCacheBehavior [ RunTime:0.001000s ]
INFO: [ app_begin ] --END-- [ RunTime:0.001000s ]
NOTIC: [8] Undefined offset: 0 D:\WWW\LinkRenhe\FrameWork\Library\Think\Db\Driver.class.php 第 113 行.
NOTIC: [8] Undefined offset: 0 D:\WWW\LinkRenhe\FrameWork\Library\Think\Db\Driver.class.php 第 113 行.
INFO: [ view_parse ] --START--
NOTIC: [8] Undefined index: user D:\WWW\LinkRenhe\LinkRenhe\Runtime\Cache\48d48da4bb6a07165f67242178aca7c3e37abdcc.file.index.html.php 第 107 行.
NOTIC: [8] Undefined index: user D:\WWW\LinkRenhe\LinkRenhe\Runtime\Cache\48d48da4bb6a07165f67242178aca7c3e37abdcc.file.index.html.php 第 132 行.
NOTIC: [8] Undefined index: user D:\WWW\LinkRenhe\LinkRenhe\Runtime\Cache\d2bc4447d1935e1c6f5c15fc52aeb1059e418794.file.bottom.html.php 第 51 行.
INFO: Run Behavior\ParseTemplateBehavior [ RunTime:0.020002s ]
INFO: [ view_parse ] --END-- [ RunTime:0.020002s ]
INFO: [ view_filter ] --START--
INFO: Run Behavior\WriteHtmlCacheBehavior [ RunTime:0.001000s ]
INFO: [ view_filter ] --END-- [ RunTime:0.001000s ]
INFO: [ app_end ] --START--
INFO: Run Behavior\ShowPageTraceBehavior [ RunTime:0.001000s ]
INFO: [ app_end ] --END-- [ RunTime:0.001000s ]

[ 2017-01-12T10:42:32+08:00 ] 127.0.0.1 /index.php/Home/index/index.html
INFO: [ app_init ] --START--
INFO: Run Behavior\BuildLiteBehavior [ RunTime:0.000000s ]
INFO: [ app_init ] --END-- [ RunTime:0.001000s ]
INFO: [ app_begin ] --START--
INFO: Run Behavior\ReadHtmlCacheBehavior [ RunTime:0.001000s ]
INFO: [ app_begin ] --END-- [ RunTime:0.001000s ]
NOTIC: [8] Undefined offset: 0 D:\WWW\LinkRenhe\FrameWork\Library\Think\Db\Driver.class.php 第 113 行.
NOTIC: [8] Undefined offset: 0 D:\WWW\LinkRenhe\FrameWork\Library\Think\Db\Driver.class.php 第 113 行.

[ 2017-01-12T11:04:09+08:00 ] 127.0.0.1 /index.php/Home/index/index.html
INFO: [ app_init ] --START--
INFO: Run Behavior\BuildLiteBehavior [ RunTime:0.000000s ]
INFO: [ app_init ] --END-- [ RunTime:0.003000s ]
INFO: [ app_begin ] --START--
INFO: Run Behavior\ReadHtmlCacheBehavior [ RunTime:0.001000s ]
INFO: [ app_begin ] --END-- [ RunTime:0.001000s ]
NOTIC: [8] Undefined offset: 0 D:\WWW\LinkRenhe\FrameWork\Library\Think\Db\Driver.class.php 第 113 行.
NOTIC: [8] Undefined offset: 0 D:\WWW\LinkRenhe\FrameWork\Library\Think\Db\Driver.class.php 第 113 行.
NOTIC: [8] Undefined offset: 0 D:\WWW\LinkRenhe\LinkRenhe\Home\Controller\IndexController.class.php 第 11 行.
INFO: [ view_parse ] --START--
NOTIC: [8] Undefined index: user D:\WWW\LinkRenhe\LinkRenhe\Runtime\Cache\48d48da4bb6a07165f67242178aca7c3e37abdcc.file.index.html.php 第 107 行.
NOTIC: [8] Undefined index: user D:\WWW\LinkRenhe\LinkRenhe\Runtime\Cache\48d48da4bb6a07165f67242178aca7c3e37abdcc.file.index.html.php 第 132 行.
NOTIC: [8] Undefined index: user D:\WWW\LinkRenhe\LinkRenhe\Runtime\Cache\d2bc4447d1935e1c6f5c15fc52aeb1059e418794.file.bottom.html.php 第 51 行.
INFO: Run Behavior\ParseTemplateBehavior [ RunTime:0.099006s ]
INFO: [ view_parse ] --END-- [ RunTime:0.099006s ]
INFO: [ view_filter ] --START--
INFO: Run Behavior\WriteHtmlCacheBehavior [ RunTime:0.023001s ]
INFO: [ view_filter ] --END-- [ RunTime:0.023001s ]
INFO: [ app_end ] --START--
INFO: Run Behavior\ShowPageTraceBehavior [ RunTime:0.002000s ]
INFO: [ app_end ] --END-- [ RunTime:0.002000s ]

[ 2017-01-12T11:04:24+08:00 ] 127.0.0.1 /index.php/Home/index/index.html
INFO: [ app_init ] --START--
INFO: Run Behavior\BuildLiteBehavior [ RunTime:0.000000s ]
INFO: [ app_init ] --END-- [ RunTime:0.000000s ]
INFO: [ app_begin ] --START--
INFO: Run Behavior\ReadHtmlCacheBehavior [ RunTime:0.003000s ]
INFO: [ app_begin ] --END-- [ RunTime:0.003000s ]
NOTIC: [8] Undefined offset: 0 D:\WWW\LinkRenhe\FrameWork\Library\Think\Db\Driver.class.php 第 113 行.
NOTIC: [8] Undefined offset: 0 D:\WWW\LinkRenhe\FrameWork\Library\Think\Db\Driver.class.php 第 113 行.
NOTIC: [8] Undefined offset: 0 D:\WWW\LinkRenhe\LinkRenhe\Home\Controller\IndexController.class.php 第 11 行.
INFO: [ view_parse ] --START--
NOTIC: [8] Undefined index: user D:\WWW\LinkRenhe\LinkRenhe\Runtime\Cache\48d48da4bb6a07165f67242178aca7c3e37abdcc.file.index.html.php 第 107 行.
NOTIC: [8] Undefined index: user D:\WWW\LinkRenhe\LinkRenhe\Runtime\Cache\48d48da4bb6a07165f67242178aca7c3e37abdcc.file.index.html.php 第 132 行.
NOTIC: [8] Undefined index: user D:\WWW\LinkRenhe\LinkRenhe\Runtime\Cache\d2bc4447d1935e1c6f5c15fc52aeb1059e418794.file.bottom.html.php 第 51 行.
INFO: Run Behavior\ParseTemplateBehavior [ RunTime:0.020002s ]
INFO: [ view_parse ] --END-- [ RunTime:0.020002s ]
INFO: [ view_filter ] --START--
INFO: Run Behavior\WriteHtmlCacheBehavior [ RunTime:0.001000s ]
INFO: [ view_filter ] --END-- [ RunTime:0.001000s ]
INFO: [ app_end ] --START--
INFO: Run Behavior\ShowPageTraceBehavior [ RunTime:0.002000s ]
INFO: [ app_end ] --END-- [ RunTime:0.002000s ]

[ 2017-01-12T11:04:43+08:00 ] 127.0.0.1 /index.php/Home/login/index
INFO: [ app_init ] --START--
INFO: Run Behavior\BuildLiteBehavior [ RunTime:0.000000s ]
INFO: [ app_init ] --END-- [ RunTime:0.001000s ]
INFO: [ app_begin ] --START--
INFO: Run Behavior\ReadHtmlCacheBehavior [ RunTime:0.001000s ]
INFO: [ app_begin ] --END-- [ RunTime:0.001000s ]
INFO: [ view_parse ] --START--
NOTIC: [8] Use of undefined constant user - assumed 'user' D:\WWW\LinkRenhe\LinkRenhe\Runtime\Cache\7646118ef4904ffc2d8d3827fbc04b028d2e35aa.file.index.html.php 第 74 行.
INFO: Run Behavior\ParseTemplateBehavior [ RunTime:0.045003s ]
INFO: [ view_parse ] --END-- [ RunTime:0.045003s ]
INFO: [ view_filter ] --START--
INFO: Run Behavior\WriteHtmlCacheBehavior [ RunTime:0.001000s ]
INFO: [ view_filter ] --END-- [ RunTime:0.001000s ]
INFO: [ app_end ] --START--
INFO: Run Behavior\ShowPageTraceBehavior [ RunTime:0.001000s ]
INFO: [ app_end ] --END-- [ RunTime:0.001000s ]

[ 2017-01-12T11:06:01+08:00 ] 127.0.0.1 /index.php/Home/login/sendVricode/phoneyz/15011111111
INFO: [ app_init ] --START--
INFO: Run Behavior\BuildLiteBehavior [ RunTime:0.000000s ]
INFO: [ app_init ] --END-- [ RunTime:0.001000s ]
INFO: [ app_begin ] --START--
INFO: Run Behavior\ReadHtmlCacheBehavior [ RunTime:0.001000s ]
INFO: [ app_begin ] --END-- [ RunTime:0.001000s ]
NOTIC: [8] Undefined offset: 0 D:\WWW\LinkRenhe\FrameWork\Library\Think\Db\Driver.class.php 第 113 行.
NOTIC: [8] Undefined offset: 0 D:\WWW\LinkRenhe\FrameWork\Library\Think\Db\Driver.class.php 第 113 行.
NOTIC: [8] Undefined offset: 0 D:\WWW\LinkRenhe\FrameWork\Library\Think\Db\Driver.class.php 第 113 行.
NOTIC: [8] Undefined offset: 0 D:\WWW\LinkRenhe\FrameWork\Library\Think\Db\Driver.class.php 第 113 行.
INFO: [ app_end ] --START--
INFO: Run Behavior\ShowPageTraceBehavior [ RunTime:0.002000s ]
INFO: [ app_end ] --END-- [ RunTime:0.002000s ]

[ 2017-01-12T11:07:17+08:00 ] 127.0.0.1 /index.php/Home/login/sendVricode/phoneyz/15011111111
INFO: [ app_init ] --START--
INFO: Run Behavior\BuildLiteBehavior [ RunTime:0.000000s ]
INFO: [ app_init ] --END-- [ RunTime:0.001000s ]
INFO: [ app_begin ] --START--
INFO: Run Behavior\ReadHtmlCacheBehavior [ RunTime:0.001001s ]
INFO: [ app_begin ] --END-- [ RunTime:0.001001s ]
NOTIC: [8] Undefined offset: 0 D:\WWW\LinkRenhe\FrameWork\Library\Think\Db\Driver.class.php 第 113 行.
NOTIC: [8] Undefined offset: 0 D:\WWW\LinkRenhe\FrameWork\Library\Think\Db\Driver.class.php 第 113 行.
NOTIC: [8] Undefined offset: 0 D:\WWW\LinkRenhe\FrameWork\Library\Think\Db\Driver.class.php 第 113 行.
NOTIC: [8] Undefined offset: 0 D:\WWW\LinkRenhe\FrameWork\Library\Think\Db\Driver.class.php 第 113 行.
INFO: [ app_end ] --START--
INFO: Run Behavior\ShowPageTraceBehavior [ RunTime:0.002001s ]
INFO: [ app_end ] --END-- [ RunTime:0.002001s ]

[ 2017-01-12T11:07:27+08:00 ] 127.0.0.1 /index.php/Home/login/sendVricode/phoneyz/15011111111
INFO: [ app_init ] --START--
INFO: Run Behavior\BuildLiteBehavior [ RunTime:0.000000s ]
INFO: [ app_init ] --END-- [ RunTime:0.000000s ]
INFO: [ app_begin ] --START--
INFO: Run Behavior\ReadHtmlCacheBehavior [ RunTime:0.001000s ]
INFO: [ app_begin ] --END-- [ RunTime:0.001000s ]
NOTIC: [8] Undefined offset: 0 D:\WWW\LinkRenhe\FrameWork\Library\Think\Db\Driver.class.php 第 113 行.
NOTIC: [8] Undefined offset: 0 D:\WWW\LinkRenhe\FrameWork\Library\Think\Db\Driver.class.php 第 113 行.
NOTIC: [8] Undefined offset: 0 D:\WWW\LinkRenhe\FrameWork\Library\Think\Db\Driver.class.php 第 113 行.
NOTIC: [8] Undefined offset: 0 D:\WWW\LinkRenhe\FrameWork\Library\Think\Db\Driver.class.php 第 113 行.
INFO: [ app_end ] --START--
INFO: Run Behavior\ShowPageTraceBehavior [ RunTime:0.002000s ]
INFO: [ app_end ] --END-- [ RunTime:0.002000s ]

[ 2017-01-12T11:14:03+08:00 ] 127.0.0.1 /index.php/Home/index/index
INFO: [ app_init ] --START--
INFO: Run Behavior\BuildLiteBehavior [ RunTime:0.000000s ]
INFO: [ app_init ] --END-- [ RunTime:0.001000s ]
INFO: [ app_begin ] --START--
INFO: Run Behavior\ReadHtmlCacheBehavior [ RunTime:0.002000s ]
INFO: [ app_begin ] --END-- [ RunTime:0.002000s ]
NOTIC: [8] Undefined offset: 0 D:\WWW\LinkRenhe\FrameWork\Library\Think\Db\Driver.class.php 第 113 行.
NOTIC: [8] Undefined offset: 0 D:\WWW\LinkRenhe\FrameWork\Library\Think\Db\Driver.class.php 第 113 行.
NOTIC: [8] Undefined offset: 0 D:\WWW\LinkRenhe\LinkRenhe\Home\Controller\IndexController.class.php 第 11 行.
INFO: [ view_parse ] --START--
NOTIC: [8] Undefined index: user D:\WWW\LinkRenhe\LinkRenhe\Runtime\Cache\48d48da4bb6a07165f67242178aca7c3e37abdcc.file.index.html.php 第 107 行.
NOTIC: [8] Undefined index: user D:\WWW\LinkRenhe\LinkRenhe\Runtime\Cache\48d48da4bb6a07165f67242178aca7c3e37abdcc.file.index.html.php 第 132 行.
NOTIC: [8] Undefined index: user D:\WWW\LinkRenhe\LinkRenhe\Runtime\Cache\d2bc4447d1935e1c6f5c15fc52aeb1059e418794.file.bottom.html.php 第 51 行.
INFO: Run Behavior\ParseTemplateBehavior [ RunTime:0.025001s ]
INFO: [ view_parse ] --END-- [ RunTime:0.025001s ]
INFO: [ view_filter ] --START--
INFO: Run Behavior\WriteHtmlCacheBehavior [ RunTime:0.001001s ]
INFO: [ view_filter ] --END-- [ RunTime:0.001001s ]
INFO: [ app_end ] --START--
INFO: Run Behavior\ShowPageTraceBehavior [ RunTime:0.003000s ]
INFO: [ app_end ] --END-- [ RunTime:0.003000s ]

[ 2017-01-12T11:17:26+08:00 ] 127.0.0.1 /index.php/Home/index/index
INFO: [ app_init ] --START--
INFO: Run Behavior\BuildLiteBehavior [ RunTime:0.000000s ]
INFO: [ app_init ] --END-- [ RunTime:0.002000s ]
INFO: [ app_begin ] --START--
INFO: Run Behavior\ReadHtmlCacheBehavior [ RunTime:0.005001s ]
INFO: [ app_begin ] --END-- [ RunTime:0.005001s ]
NOTIC: [8] Undefined offset: 0 D:\WWW\LinkRenhe\FrameWork\Library\Think\Db\Driver.class.php 第 113 行.
NOTIC: [8] Undefined offset: 0 D:\WWW\LinkRenhe\FrameWork\Library\Think\Db\Driver.class.php 第 113 行.
NOTIC: [8] Undefined offset: 0 D:\WWW\LinkRenhe\LinkRenhe\Home\Controller\IndexController.class.php 第 11 行.
INFO: [ view_parse ] --START--
NOTIC: [8] Undefined index: user D:\WWW\LinkRenhe\LinkRenhe\Runtime\Cache\48d48da4bb6a07165f67242178aca7c3e37abdcc.file.index.html.php 第 107 行.
NOTIC: [8] Undefined index: user D:\WWW\LinkRenhe\LinkRenhe\Runtime\Cache\48d48da4bb6a07165f67242178aca7c3e37abdcc.file.index.html.php 第 132 行.
NOTIC: [8] Undefined index: user D:\WWW\LinkRenhe\LinkRenhe\Runtime\Cache\d2bc4447d1935e1c6f5c15fc52aeb1059e418794.file.bottom.html.php 第 51 行.
INFO: Run Behavior\ParseTemplateBehavior [ RunTime:0.026001s ]
INFO: [ view_parse ] --END-- [ RunTime:0.026001s ]
INFO: [ view_filter ] --START--
INFO: Run Behavior\WriteHtmlCacheBehavior [ RunTime:0.001000s ]
INFO: [ view_filter ] --END-- [ RunTime:0.001000s ]
INFO: [ app_end ] --START--
INFO: Run Behavior\ShowPageTraceBehavior [ RunTime:0.001000s ]
INFO: [ app_end ] --END-- [ RunTime:0.001000s ]

[ 2017-01-12T11:25:03+08:00 ] 127.0.0.1 /index.php/Home/index/index
INFO: [ app_init ] --START--
INFO: Run Behavior\BuildLiteBehavior [ RunTime:0.000000s ]
INFO: [ app_init ] --END-- [ RunTime:0.002000s ]
INFO: [ app_begin ] --START--
INFO: Run Behavior\ReadHtmlCacheBehavior [ RunTime:0.002000s ]
INFO: [ app_begin ] --END-- [ RunTime:0.002000s ]
NOTIC: [8] Undefined offset: 0 D:\WWW\LinkRenhe\FrameWork\Library\Think\Db\Driver.class.php 第 113 行.
NOTIC: [8] Undefined offset: 0 D:\WWW\LinkRenhe\FrameWork\Library\Think\Db\Driver.class.php 第 113 行.
NOTIC: [8] Undefined offset: 0 D:\WWW\LinkRenhe\LinkRenhe\Home\Controller\IndexController.class.php 第 11 行.
INFO: [ view_parse ] --START--
NOTIC: [8] Undefined index: user D:\WWW\LinkRenhe\LinkRenhe\Runtime\Cache\48d48da4bb6a07165f67242178aca7c3e37abdcc.file.index.html.php 第 107 行.
NOTIC: [8] Undefined index: user D:\WWW\LinkRenhe\LinkRenhe\Runtime\Cache\48d48da4bb6a07165f67242178aca7c3e37abdcc.file.index.html.php 第 132 行.
NOTIC: [8] Undefined index: user D:\WWW\LinkRenhe\LinkRenhe\Runtime\Cache\d2bc4447d1935e1c6f5c15fc52aeb1059e418794.file.bottom.html.php 第 51 行.
INFO: Run Behavior\ParseTemplateBehavior [ RunTime:0.026002s ]
INFO: [ view_parse ] --END-- [ RunTime:0.027002s ]
INFO: [ view_filter ] --START--
INFO: Run Behavior\WriteHtmlCacheBehavior [ RunTime:0.000000s ]
INFO: [ view_filter ] --END-- [ RunTime:0.000000s ]
INFO: [ app_end ] --START--
INFO: Run Behavior\ShowPageTraceBehavior [ RunTime:0.003000s ]
INFO: [ app_end ] --END-- [ RunTime:0.003000s ]

[ 2017-01-12T11:28:09+08:00 ] 127.0.0.1 /index.php/Home/myinfo/index
INFO: [ app_init ] --START--
INFO: Run Behavior\BuildLiteBehavior [ RunTime:0.000000s ]
INFO: [ app_init ] --END-- [ RunTime:0.001000s ]
INFO: [ app_begin ] --START--
INFO: Run Behavior\ReadHtmlCacheBehavior [ RunTime:0.002000s ]
INFO: [ app_begin ] --END-- [ RunTime:0.002000s ]
INFO: [ view_parse ] --START--
NOTIC: [8] Undefined index: user D:\WWW\LinkRenhe\LinkRenhe\Runtime\Cache\02226ad7dc5e3a0e95a6d42b54ce286afdccd7f8.file.index.html.php 第 74 行.
NOTIC: [8] Undefined index: user D:\WWW\LinkRenhe\LinkRenhe\Runtime\Cache\02226ad7dc5e3a0e95a6d42b54ce286afdccd7f8.file.index.html.php 第 75 行.
NOTIC: [8] Undefined index: user D:\WWW\LinkRenhe\LinkRenhe\Runtime\Cache\02226ad7dc5e3a0e95a6d42b54ce286afdccd7f8.file.index.html.php 第 78 行.
NOTIC: [8] Undefined index: user D:\WWW\LinkRenhe\LinkRenhe\Runtime\Cache\d2bc4447d1935e1c6f5c15fc52aeb1059e418794.file.bottom.html.php 第 51 行.
INFO: Run Behavior\ParseTemplateBehavior [ RunTime:0.053003s ]
INFO: [ view_parse ] --END-- [ RunTime:0.054003s ]
INFO: [ view_filter ] --START--
INFO: Run Behavior\WriteHtmlCacheBehavior [ RunTime:0.000000s ]
INFO: [ view_filter ] --END-- [ RunTime:0.000000s ]
INFO: [ app_end ] --START--
INFO: Run Behavior\ShowPageTraceBehavior [ RunTime:0.002000s ]
INFO: [ app_end ] --END-- [ RunTime:0.002000s ]

[ 2017-01-12T11:28:15+08:00 ] 127.0.0.1 /index.php/Home/myinfo/wdInfowdAction
INFO: [ app_init ] --START--
INFO: Run Behavior\BuildLiteBehavior [ RunTime:0.000000s ]
INFO: [ app_init ] --END-- [ RunTime:0.001000s ]
INFO: [ app_begin ] --START--
INFO: Run Behavior\ReadHtmlCacheBehavior [ RunTime:0.000000s ]
INFO: [ app_begin ] --END-- [ RunTime:0.015001s ]
NOTIC: [8] Undefined offset: 0 D:\WWW\LinkRenhe\FrameWork\Library\Think\Db\Driver.class.php 第 113 行.
NOTIC: [8] Undefined offset: 0 D:\WWW\LinkRenhe\FrameWork\Library\Think\Db\Driver.class.php 第 113 行.
NOTIC: [8] Undefined offset: 0 D:\WWW\LinkRenhe\FrameWork\Library\Think\Db\Driver.class.php 第 113 行.
NOTIC: [8] Undefined offset: 0 D:\WWW\LinkRenhe\FrameWork\Library\Think\Db\Driver.class.php 第 113 行.
INFO: [ app_end ] --START--
INFO: Run Behavior\ShowPageTraceBehavior [ RunTime:0.002001s ]
INFO: [ app_end ] --END-- [ RunTime:0.002001s ]

[ 2017-01-12T11:28:15+08:00 ] 127.0.0.1 /index.php/Home/login/index
INFO: [ app_init ] --START--
INFO: Run Behavior\BuildLiteBehavior [ RunTime:0.000000s ]
INFO: [ app_init ] --END-- [ RunTime:0.001000s ]
INFO: [ app_begin ] --START--
INFO: Run Behavior\ReadHtmlCacheBehavior [ RunTime:0.001000s ]
INFO: [ app_begin ] --END-- [ RunTime:0.001000s ]
INFO: [ view_parse ] --START--
NOTIC: [8] Use of undefined constant user - assumed 'user' D:\WWW\LinkRenhe\LinkRenhe\Runtime\Cache\7646118ef4904ffc2d8d3827fbc04b028d2e35aa.file.index.html.php 第 74 行.
INFO: Run Behavior\ParseTemplateBehavior [ RunTime:0.023001s ]
INFO: [ view_parse ] --END-- [ RunTime:0.023001s ]
INFO: [ view_filter ] --START--
INFO: Run Behavior\WriteHtmlCacheBehavior [ RunTime:0.000000s ]
INFO: [ view_filter ] --END-- [ RunTime:0.000000s ]
INFO: [ app_end ] --START--
INFO: Run Behavior\ShowPageTraceBehavior [ RunTime:0.002000s ]
INFO: [ app_end ] --END-- [ RunTime:0.002000s ]

[ 2017-01-12T13:09:48+08:00 ] 127.0.0.1 /index.php/Home/index/index
INFO: [ app_init ] --START--
INFO: Run Behavior\BuildLiteBehavior [ RunTime:0.000000s ]
INFO: [ app_init ] --END-- [ RunTime:0.001000s ]
INFO: [ app_begin ] --START--
INFO: Run Behavior\ReadHtmlCacheBehavior [ RunTime:0.002001s ]
INFO: [ app_begin ] --END-- [ RunTime:0.002001s ]
NOTIC: [8] Undefined offset: 0 D:\WWW\LinkRenhe\FrameWork\Library\Think\Db\Driver.class.php 第 113 行.
NOTIC: [8] Undefined offset: 0 D:\WWW\LinkRenhe\FrameWork\Library\Think\Db\Driver.class.php 第 113 行.
NOTIC: [8] Undefined offset: 0 D:\WWW\LinkRenhe\LinkRenhe\Home\Controller\IndexController.class.php 第 11 行.
INFO: [ view_parse ] --START--
NOTIC: [8] Undefined index: user D:\WWW\LinkRenhe\LinkRenhe\Runtime\Cache\48d48da4bb6a07165f67242178aca7c3e37abdcc.file.index.html.php 第 107 行.
NOTIC: [8] Undefined index: user D:\WWW\LinkRenhe\LinkRenhe\Runtime\Cache\48d48da4bb6a07165f67242178aca7c3e37abdcc.file.index.html.php 第 132 行.
NOTIC: [8] Undefined index: user D:\WWW\LinkRenhe\LinkRenhe\Runtime\Cache\d2bc4447d1935e1c6f5c15fc52aeb1059e418794.file.bottom.html.php 第 51 行.
INFO: Run Behavior\ParseTemplateBehavior [ RunTime:0.028002s ]
INFO: [ view_parse ] --END-- [ RunTime:0.028002s ]
INFO: [ view_filter ] --START--
INFO: Run Behavior\WriteHtmlCacheBehavior [ RunTime:0.000000s ]
INFO: [ view_filter ] --END-- [ RunTime:0.001000s ]
INFO: [ app_end ] --START--
INFO: Run Behavior\ShowPageTraceBehavior [ RunTime:0.001000s ]
INFO: [ app_end ] --END-- [ RunTime:0.001000s ]

[ 2017-01-12T13:10:36+08:00 ] 127.0.0.1 /index.php/Home/news/index
INFO: [ app_init ] --START--
INFO: Run Behavior\BuildLiteBehavior [ RunTime:0.000000s ]
INFO: [ app_init ] --END-- [ RunTime:0.001000s ]
INFO: [ app_begin ] --START--
INFO: Run Behavior\ReadHtmlCacheBehavior [ RunTime:0.001000s ]
INFO: [ app_begin ] --END-- [ RunTime:0.001000s ]
NOTIC: [8] Undefined offset: 0 D:\WWW\LinkRenhe\FrameWork\Library\Think\Db\Driver.class.php 第 113 行.
NOTIC: [8] Undefined offset: 0 D:\WWW\LinkRenhe\FrameWork\Library\Think\Db\Driver.class.php 第 113 行.
NOTIC: [8] Undefined offset: 0 D:\WWW\LinkRenhe\FrameWork\Library\Think\Db\Driver.class.php 第 113 行.
NOTIC: [8] Undefined offset: 0 D:\WWW\LinkRenhe\FrameWork\Library\Think\Db\Driver.class.php 第 113 行.
INFO: [ view_parse ] --START--
NOTIC: [8] Use of undefined constant user - assumed 'user' D:\WWW\LinkRenhe\LinkRenhe\Runtime\Cache\8bcdedb6e9bd9a0cbbe5e75681be3d67f63b1509.file.index.html.php 第 82 行.
NOTIC: [8] Undefined offset: 1 D:\WWW\LinkRenhe\LinkRenhe\Runtime\Cache\8bcdedb6e9bd9a0cbbe5e75681be3d67f63b1509.file.index.html.php 第 171 行.
NOTIC: [8] Undefined offset: 2 D:\WWW\LinkRenhe\LinkRenhe\Runtime\Cache\8bcdedb6e9bd9a0cbbe5e75681be3d67f63b1509.file.index.html.php 第 171 行.
NOTIC: [8] Undefined index: user D:\WWW\LinkRenhe\LinkRenhe\Runtime\Cache\d2bc4447d1935e1c6f5c15fc52aeb1059e418794.file.bottom.html.php 第 51 行.
INFO: Run Behavior\ParseTemplateBehavior [ RunTime:0.047003s ]
INFO: [ view_parse ] --END-- [ RunTime:0.047003s ]
INFO: [ view_filter ] --START--
INFO: Run Behavior\WriteHtmlCacheBehavior [ RunTime:0.001000s ]
INFO: [ view_filter ] --END-- [ RunTime:0.001000s ]
INFO: [ app_end ] --START--
INFO: Run Behavior\ShowPageTraceBehavior [ RunTime:0.001000s ]
INFO: [ app_end ] --END-- [ RunTime:0.001000s ]

[ 2017-01-12T13:10:47+08:00 ] 127.0.0.1 /index.php/Home/news/newsNameList
INFO: [ app_init ] --START--
INFO: Run Behavior\BuildLiteBehavior [ RunTime:0.000000s ]
INFO: [ app_init ] --END-- [ RunTime:0.001000s ]
INFO: [ app_begin ] --START--
INFO: Run Behavior\ReadHtmlCacheBehavior [ RunTime:0.001000s ]
INFO: [ app_begin ] --END-- [ RunTime:0.001000s ]
NOTIC: [8] Undefined offset: 0 D:\WWW\LinkRenhe\FrameWork\Library\Think\Db\Driver.class.php 第 113 行.
NOTIC: [8] Undefined offset: 0 D:\WWW\LinkRenhe\FrameWork\Library\Think\Db\Driver.class.php 第 113 行.
NOTIC: [8] Undefined offset: 0 D:\WWW\LinkRenhe\FrameWork\Library\Think\Db\Driver.class.php 第 113 行.
NOTIC: [8] Undefined offset: 0 D:\WWW\LinkRenhe\FrameWork\Library\Think\Db\Driver.class.php 第 113 行.
INFO: [ app_end ] --START--
INFO: Run Behavior\ShowPageTraceBehavior [ RunTime:0.001000s ]
INFO: [ app_end ] --END-- [ RunTime:0.001000s ]

[ 2017-01-12T13:11:00+08:00 ] 127.0.0.1 /index.php/Home/news/newslist/id/2/page/2
INFO: [ app_init ] --START--
INFO: Run Behavior\BuildLiteBehavior [ RunTime:0.000000s ]
INFO: [ app_init ] --END-- [ RunTime:0.001000s ]
INFO: [ app_begin ] --START--
INFO: Run Behavior\ReadHtmlCacheBehavior [ RunTime:0.002000s ]
INFO: [ app_begin ] --END-- [ RunTime:0.002000s ]
NOTIC: [8] Undefined offset: 0 D:\WWW\LinkRenhe\FrameWork\Library\Think\Db\Driver.class.php 第 113 行.
NOTIC: [8] Undefined offset: 0 D:\WWW\LinkRenhe\FrameWork\Library\Think\Db\Driver.class.php 第 113 行.
NOTIC: [8] Undefined offset: 0 D:\WWW\LinkRenhe\FrameWork\Library\Think\Db\Driver.class.php 第 113 行.
NOTIC: [8] Undefined offset: 0 D:\WWW\LinkRenhe\FrameWork\Library\Think\Db\Driver.class.php 第 113 行.
INFO: [ view_parse ] --START--
INFO: Run Behavior\ParseTemplateBehavior [ RunTime:0.231014s ]
INFO: [ view_parse ] --END-- [ RunTime:0.231014s ]
INFO: [ view_filter ] --START--
INFO: Run Behavior\WriteHtmlCacheBehavior [ RunTime:0.001000s ]
INFO: [ view_filter ] --END-- [ RunTime:0.002000s ]
INFO: [ app_end ] --START--
INFO: Run Behavior\ShowPageTraceBehavior [ RunTime:0.001000s ]
INFO: [ app_end ] --END-- [ RunTime:0.001000s ]

[ 2017-01-12T13:11:16+08:00 ] 127.0.0.1 /index.php/Home/news/newslist/news/testAction/id/%7B$smarty.get.id%7D
INFO: [ app_init ] --START--
INFO: Run Behavior\BuildLiteBehavior [ RunTime:0.000000s ]
INFO: [ app_init ] --END-- [ RunTime:0.001000s ]
INFO: [ app_begin ] --START--
INFO: Run Behavior\ReadHtmlCacheBehavior [ RunTime:0.008000s ]
INFO: [ app_begin ] --END-- [ RunTime:0.008000s ]
NOTIC: [8] Undefined offset: 0 D:\WWW\LinkRenhe\FrameWork\Library\Think\Db\Driver.class.php 第 113 行.
NOTIC: [8] Undefined offset: 0 D:\WWW\LinkRenhe\FrameWork\Library\Think\Db\Driver.class.php 第 113 行.
NOTIC: [8] Undefined offset: 0 D:\WWW\LinkRenhe\FrameWork\Library\Think\Db\Driver.class.php 第 113 行.
NOTIC: [8] Undefined offset: 0 D:\WWW\LinkRenhe\FrameWork\Library\Think\Db\Driver.class.php 第 113 行.
INFO: [ view_parse ] --START--
NOTIC: [8] Undefined index: datalist D:\WWW\LinkRenhe\LinkRenhe\Runtime\Cache\eb0c3ca813cdc82b15b9783553c074358b1fea4a.file.newslist.html.php 第 104 行.
INFO: Run Behavior\ParseTemplateBehavior [ RunTime:0.020001s ]
INFO: [ view_parse ] --END-- [ RunTime:0.020001s ]
INFO: [ view_filter ] --START--
INFO: Run Behavior\WriteHtmlCacheBehavior [ RunTime:0.001000s ]
INFO: [ view_filter ] --END-- [ RunTime:0.001000s ]
INFO: [ app_end ] --START--
INFO: Run Behavior\ShowPageTraceBehavior [ RunTime:0.001000s ]
INFO: [ app_end ] --END-- [ RunTime:0.001000s ]

[ 2017-01-12T13:15:11+08:00 ] 127.0.0.1 /index.php/Home/news/newslist/id/2/page/2
INFO: [ app_init ] --START--
INFO: Run Behavior\BuildLiteBehavior [ RunTime:0.000000s ]
INFO: [ app_init ] --END-- [ RunTime:0.001000s ]
INFO: [ app_begin ] --START--
INFO: Run Behavior\ReadHtmlCacheBehavior [ RunTime:0.001000s ]
INFO: [ app_begin ] --END-- [ RunTime:0.002000s ]
NOTIC: [8] Undefined offset: 0 D:\WWW\LinkRenhe\FrameWork\Library\Think\Db\Driver.class.php 第 113 行.
NOTIC: [8] Undefined offset: 0 D:\WWW\LinkRenhe\FrameWork\Library\Think\Db\Driver.class.php 第 113 行.
NOTIC: [8] Undefined offset: 0 D:\WWW\LinkRenhe\FrameWork\Library\Think\Db\Driver.class.php 第 113 行.
NOTIC: [8] Undefined offset: 0 D:\WWW\LinkRenhe\FrameWork\Library\Think\Db\Driver.class.php 第 113 行.
INFO: [ view_parse ] --START--
INFO: Run Behavior\ParseTemplateBehavior [ RunTime:0.201011s ]
INFO: [ view_parse ] --END-- [ RunTime:0.201011s ]
INFO: [ view_filter ] --START--
INFO: Run Behavior\WriteHtmlCacheBehavior [ RunTime:0.002000s ]
INFO: [ view_filter ] --END-- [ RunTime:0.002000s ]
INFO: [ app_end ] --START--
INFO: Run Behavior\ShowPageTraceBehavior [ RunTime:0.002000s ]
INFO: [ app_end ] --END-- [ RunTime:0.002000s ]

[ 2017-01-12T13:15:23+08:00 ] 127.0.0.1 /index.php/Home/news/newslist/news/testAction/id/2
INFO: [ app_init ] --START--
INFO: Run Behavior\BuildLiteBehavior [ RunTime:0.000000s ]
INFO: [ app_init ] --END-- [ RunTime:0.001000s ]
INFO: [ app_begin ] --START--
INFO: Run Behavior\ReadHtmlCacheBehavior [ RunTime:0.001000s ]
INFO: [ app_begin ] --END-- [ RunTime:0.001000s ]
NOTIC: [8] Undefined offset: 0 D:\WWW\LinkRenhe\FrameWork\Library\Think\Db\Driver.class.php 第 113 行.
NOTIC: [8] Undefined offset: 0 D:\WWW\LinkRenhe\FrameWork\Library\Think\Db\Driver.class.php 第 113 行.
NOTIC: [8] Undefined offset: 0 D:\WWW\LinkRenhe\FrameWork\Library\Think\Db\Driver.class.php 第 113 行.
NOTIC: [8] Undefined offset: 0 D:\WWW\LinkRenhe\FrameWork\Library\Think\Db\Driver.class.php 第 113 行.
INFO: [ view_parse ] --START--
INFO: Run Behavior\ParseTemplateBehavior [ RunTime:0.028002s ]
INFO: [ view_parse ] --END-- [ RunTime:0.028002s ]
INFO: [ view_filter ] --START--
INFO: Run Behavior\WriteHtmlCacheBehavior [ RunTime:0.001000s ]
INFO: [ view_filter ] --END-- [ RunTime:0.001000s ]
INFO: [ app_end ] --START--
INFO: Run Behavior\ShowPageTraceBehavior [ RunTime:0.007000s ]
INFO: [ app_end ] --END-- [ RunTime:0.007000s ]

[ 2017-01-12T13:18:06+08:00 ] 127.0.0.1 /index.php/Home/news/newslist/id/2/page/2
INFO: [ app_init ] --START--
INFO: Run Behavior\BuildLiteBehavior [ RunTime:0.000000s ]
INFO: [ app_init ] --END-- [ RunTime:0.001000s ]
INFO: [ app_begin ] --START--
INFO: Run Behavior\ReadHtmlCacheBehavior [ RunTime:0.001000s ]
INFO: [ app_begin ] --END-- [ RunTime:0.001000s ]
NOTIC: [8] Undefined offset: 0 D:\WWW\LinkRenhe\FrameWork\Library\Think\Db\Driver.class.php 第 113 行.
NOTIC: [8] Undefined offset: 0 D:\WWW\LinkRenhe\FrameWork\Library\Think\Db\Driver.class.php 第 113 行.
NOTIC: [8] Undefined offset: 0 D:\WWW\LinkRenhe\FrameWork\Library\Think\Db\Driver.class.php 第 113 行.
NOTIC: [8] Undefined offset: 0 D:\WWW\LinkRenhe\FrameWork\Library\Think\Db\Driver.class.php 第 113 行.
INFO: [ view_parse ] --START--
INFO: Run Behavior\ParseTemplateBehavior [ RunTime:0.228013s ]
INFO: [ view_parse ] --END-- [ RunTime:0.228013s ]
INFO: [ view_filter ] --START--
INFO: Run Behavior\WriteHtmlCacheBehavior [ RunTime:0.012001s ]
INFO: [ view_filter ] --END-- [ RunTime:0.012001s ]
INFO: [ app_end ] --START--
INFO: Run Behavior\ShowPageTraceBehavior [ RunTime:0.002000s ]
INFO: [ app_end ] --END-- [ RunTime:0.002000s ]

[ 2017-01-12T13:18:19+08:00 ] 127.0.0.1 /index.php/Home/news/testAction/id/2
INFO: [ app_init ] --START--
INFO: Run Behavior\BuildLiteBehavior [ RunTime:0.000000s ]
INFO: [ app_init ] --END-- [ RunTime:0.001000s ]
INFO: [ app_begin ] --START--
INFO: Run Behavior\ReadHtmlCacheBehavior [ RunTime:0.004000s ]
INFO: [ app_begin ] --END-- [ RunTime:0.004000s ]
NOTIC: [8] Undefined offset: 0 D:\WWW\LinkRenhe\FrameWork\Library\Think\Db\Driver.class.php 第 113 行.
NOTIC: [8] Undefined offset: 0 D:\WWW\LinkRenhe\FrameWork\Library\Think\Db\Driver.class.php 第 113 行.
NOTIC: [8] Undefined offset: 0 D:\WWW\LinkRenhe\FrameWork\Library\Think\Db\Driver.class.php 第 113 行.
NOTIC: [8] Undefined offset: 0 D:\WWW\LinkRenhe\FrameWork\Library\Think\Db\Driver.class.php 第 113 行.
INFO: [ app_end ] --START--
INFO: Run Behavior\ShowPageTraceBehavior [ RunTime:0.001000s ]
INFO: [ app_end ] --END-- [ RunTime:0.001000s ]

[ 2017-01-12T13:18:32+08:00 ] 127.0.0.1 /index.php/Home/news/testAction/id/2
INFO: [ app_init ] --START--
INFO: Run Behavior\BuildLiteBehavior [ RunTime:0.000000s ]
INFO: [ app_init ] --END-- [ RunTime:0.003000s ]
INFO: [ app_begin ] --START--
INFO: Run Behavior\ReadHtmlCacheBehavior [ RunTime:0.002000s ]
INFO: [ app_begin ] --END-- [ RunTime:0.002000s ]
NOTIC: [8] Undefined offset: 0 D:\WWW\LinkRenhe\FrameWork\Library\Think\Db\Driver.class.php 第 113 行.
NOTIC: [8] Undefined offset: 0 D:\WWW\LinkRenhe\FrameWork\Library\Think\Db\Driver.class.php 第 113 行.
NOTIC: [8] Undefined offset: 0 D:\WWW\LinkRenhe\FrameWork\Library\Think\Db\Driver.class.php 第 113 行.
NOTIC: [8] Undefined offset: 0 D:\WWW\LinkRenhe\FrameWork\Library\Think\Db\Driver.class.php 第 113 行.
INFO: [ app_end ] --START--
INFO: Run Behavior\ShowPageTraceBehavior [ RunTime:0.002000s ]
INFO: [ app_end ] --END-- [ RunTime:0.002000s ]

[ 2017-01-12T14:27:18+08:00 ] 127.0.0.1 /index.php/Home/index/index.html
INFO: [ app_init ] --START--
INFO: Run Behavior\BuildLiteBehavior [ RunTime:0.000000s ]
INFO: [ app_init ] --END-- [ RunTime:0.001000s ]
INFO: [ app_begin ] --START--
INFO: Run Behavior\ReadHtmlCacheBehavior [ RunTime:0.002000s ]
INFO: [ app_begin ] --END-- [ RunTime:0.003000s ]
NOTIC: [8] Undefined offset: 0 D:\WWW\LinkRenhe\FrameWork\Library\Think\Db\Driver.class.php 第 113 行.
NOTIC: [8] Undefined offset: 0 D:\WWW\LinkRenhe\FrameWork\Library\Think\Db\Driver.class.php 第 113 行.
NOTIC: [8] Undefined offset: 0 D:\WWW\LinkRenhe\LinkRenhe\Home\Controller\IndexController.class.php 第 11 行.
INFO: [ view_parse ] --START--
NOTIC: [8] Undefined index: user D:\WWW\LinkRenhe\LinkRenhe\Runtime\Cache\48d48da4bb6a07165f67242178aca7c3e37abdcc.file.index.html.php 第 107 行.
NOTIC: [8] Undefined index: user D:\WWW\LinkRenhe\LinkRenhe\Runtime\Cache\48d48da4bb6a07165f67242178aca7c3e37abdcc.file.index.html.php 第 132 行.
NOTIC: [8] Undefined index: user D:\WWW\LinkRenhe\LinkRenhe\Runtime\Cache\d2bc4447d1935e1c6f5c15fc52aeb1059e418794.file.bottom.html.php 第 51 行.
INFO: Run Behavior\ParseTemplateBehavior [ RunTime:0.027001s ]
INFO: [ view_parse ] --END-- [ RunTime:0.027001s ]
INFO: [ view_filter ] --START--
INFO: Run Behavior\WriteHtmlCacheBehavior [ RunTime:0.003001s ]
INFO: [ view_filter ] --END-- [ RunTime:0.003001s ]
INFO: [ app_end ] --START--
INFO: Run Behavior\ShowPageTraceBehavior [ RunTime:0.001000s ]
INFO: [ app_end ] --END-- [ RunTime:0.001000s ]

