[ 2016-12-13T13:18:40+08:00 ] 127.0.0.1 /index.php/js/LocalResizeIMG.js
INFO: [ app_init ] --START--
INFO: Run Behavior\BuildLiteBehavior [ RunTime:0.000000s ]
INFO: [ app_init ] --END-- [ RunTime:0.005000s ]
ERR: 无法加载模块:Js

[ 2016-12-13T13:18:41+08:00 ] 127.0.0.1 /index.php/js/mobileBUGFix.mini.js
INFO: [ app_init ] --START--
INFO: Run Behavior\BuildLiteBehavior [ RunTime:0.000000s ]
INFO: [ app_init ] --END-- [ RunTime:0.001000s ]
ERR: 无法加载模块:Js

[ 2016-12-13T13:18:43+08:00 ] 127.0.0.1 /index.php/myinfo/index
INFO: [ app_init ] --START--
INFO: Run Behavior\BuildLiteBehavior [ RunTime:0.000000s ]
INFO: [ app_init ] --END-- [ RunTime:0.001000s ]
ERR: 无法加载模块:Myinfo

[ 2016-12-13T13:18:49+08:00 ] 127.0.0.1 /index.php/complaints/index
INFO: [ app_init ] --START--
INFO: Run Behavior\BuildLiteBehavior [ RunTime:0.000000s ]
INFO: [ app_init ] --END-- [ RunTime:0.001000s ]
ERR: 无法加载模块:Complaints

[ 2016-12-13T14:24:09+08:00 ] 127.0.0.1 /index.php/js/LocalResizeIMG.js
INFO: [ app_init ] --START--
INFO: Run Behavior\BuildLiteBehavior [ RunTime:0.000000s ]
INFO: [ app_init ] --END-- [ RunTime:0.001001s ]
ERR: 无法加载模块:Js

[ 2016-12-13T14:24:10+08:00 ] 127.0.0.1 /index.php/js/mobileBUGFix.mini.js
INFO: [ app_init ] --START--
INFO: Run Behavior\BuildLiteBehavior [ RunTime:0.000000s ]
INFO: [ app_init ] --END-- [ RunTime:0.001000s ]
ERR: 无法加载模块:Js

[ 2016-12-13T14:24:12+08:00 ] 127.0.0.1 /index.php/myinfo/index
INFO: [ app_init ] --START--
INFO: Run Behavior\BuildLiteBehavior [ RunTime:0.000000s ]
INFO: [ app_init ] --END-- [ RunTime:0.001000s ]
ERR: 无法加载模块:Myinfo

[ 2016-12-13T14:37:25+08:00 ] 127.0.0.1 /index.php/js/LocalResizeIMG.js
INFO: [ app_init ] --START--
INFO: Run Behavior\BuildLiteBehavior [ RunTime:0.000000s ]
INFO: [ app_init ] --END-- [ RunTime:0.002000s ]
ERR: 无法加载模块:Js

[ 2016-12-13T14:37:26+08:00 ] 127.0.0.1 /index.php/js/mobileBUGFix.mini.js
INFO: [ app_init ] --START--
INFO: Run Behavior\BuildLiteBehavior [ RunTime:0.000000s ]
INFO: [ app_init ] --END-- [ RunTime:0.001000s ]
ERR: 无法加载模块:Js

[ 2016-12-13T14:40:01+08:00 ] 127.0.0.1 /index.php/js/LocalResizeIMG.js
INFO: [ app_init ] --START--
INFO: Run Behavior\BuildLiteBehavior [ RunTime:0.000000s ]
INFO: [ app_init ] --END-- [ RunTime:0.000000s ]
ERR: 无法加载模块:Js

[ 2016-12-13T14:40:01+08:00 ] 127.0.0.1 /index.php/js/mobileBUGFix.mini.js
INFO: [ app_init ] --START--
INFO: Run Behavior\BuildLiteBehavior [ RunTime:0.000000s ]
INFO: [ app_init ] --END-- [ RunTime:0.002000s ]
ERR: 无法加载模块:Js

